Log file open, 08/27/18 13:32:33
LogWindows: Failed to load 'aqProf.dll' (GetLastError=126)
LogWindows: File 'aqProf.dll' does not exist
LogWindows: Failed to load 'VtuneApi.dll' (GetLastError=126)
LogWindows: File 'VtuneApi.dll' does not exist
LogWindows: Failed to load 'VtuneApi32e.dll' (GetLastError=126)
LogWindows: File 'VtuneApi32e.dll' does not exist
LogInit: Display: Running engine for game: EAE3010ZiyuLiuAS3
LogPlatformFile: Not using cached read wrapper
LogTaskGraph: Started task graph with 5 named threads and 23 total threads with 3 sets of task threads.
LogStats: Stats thread started at 0.273525
LogD3D11RHI: Loaded GFSDK_Aftermath_Lib.x64.dll
LogICUInternationalization: Display: ICU TimeZone Detection - Raw Offset: -7:00, Platform Override: ''
LogPluginManager: Mounting plugin Paper2D
LogPluginManager: Mounting plugin AISupport
LogPluginManager: Mounting plugin LightPropagationVolume
LogPluginManager: Mounting plugin CLionSourceCodeAccess
LogPluginManager: Mounting plugin CodeLiteSourceCodeAccess
LogPluginManager: Mounting plugin GitSourceControl
LogPluginManager: Mounting plugin KDevelopSourceCodeAccess
LogPluginManager: Mounting plugin NullSourceCodeAccess
LogPluginManager: Mounting plugin PerforceSourceControl
LogPluginManager: Mounting plugin SubversionSourceControl
LogPluginManager: Mounting plugin UObjectPlugin
LogPluginManager: Mounting plugin VisualStudioCodeSourceCodeAccess
LogPluginManager: Mounting plugin VisualStudioSourceCodeAccess
LogPluginManager: Mounting plugin XCodeSourceCodeAccess
LogPluginManager: Mounting plugin AssetManagerEditor
LogPluginManager: Mounting plugin CryptoKeys
LogPluginManager: Mounting plugin DataValidation
LogPluginManager: Mounting plugin FacialAnimation
LogPluginManager: Mounting plugin GameplayTagsEditor
LogPluginManager: Mounting plugin MacGraphicsSwitching
LogPluginManager: Mounting plugin MeshEditor
LogPluginManager: Mounting plugin MobileLauncherProfileWizard
LogPluginManager: Mounting plugin PluginBrowser
LogPluginManager: Mounting plugin SpeedTreeImporter
LogPluginManager: Mounting plugin DatasmithContent
LogPluginManager: Mounting plugin AlembicImporter
LogPluginManager: Mounting plugin AppleImageUtils
LogPluginManager: Mounting plugin AppleVision
LogPluginManager: Mounting plugin BackChannel
LogPluginManager: Mounting plugin CharacterAI
LogPluginManager: Mounting plugin GeometryCache
LogPluginManager: Mounting plugin HTML5Networking
LogPluginManager: Mounting plugin ProxyLODPlugin
LogPluginManager: Mounting plugin MagicLeap
LogPluginManager: Mounting plugin MagicLeapEmulator
LogPluginManager: Mounting plugin MagicLeapMedia
LogPluginManager: Mounting plugin AndroidMedia
LogPluginManager: Mounting plugin AvfMedia
LogPluginManager: Mounting plugin ImgMedia
LogPluginManager: Mounting plugin LinearTimecode
LogPluginManager: Mounting plugin MediaCompositing
LogPluginManager: Mounting plugin MediaPlayerEditor
LogPluginManager: Mounting plugin WmfMedia
LogPluginManager: Mounting plugin TcpMessaging
LogPluginManager: Mounting plugin UdpMessaging
LogPluginManager: Mounting plugin ActorSequence
LogPluginManager: Mounting plugin LevelSequenceEditor
LogPluginManager: Mounting plugin MatineeToLevelSequence
LogPluginManager: Mounting plugin NetcodeUnitTest
LogPluginManager: Mounting plugin NUTUnrealEngine4
LogPluginManager: Mounting plugin OnlineSubsystemGooglePlay
LogPluginManager: Mounting plugin OnlineSubsystemIOS
LogPluginManager: Mounting plugin OnlineSubsystem
LogPluginManager: Mounting plugin OnlineSubsystemNull
LogPluginManager: Mounting plugin OnlineSubsystemUtils
LogPluginManager: Mounting plugin LauncherChunkInstaller
LogPluginManager: Mounting plugin AndroidDeviceProfileSelector
LogPluginManager: Mounting plugin AndroidMoviePlayer
LogPluginManager: Mounting plugin AndroidPermission
LogPluginManager: Mounting plugin AppleMoviePlayer
LogPluginManager: Mounting plugin ArchVisCharacter
LogPluginManager: Mounting plugin AudioCapture
LogPluginManager: Mounting plugin CableComponent
LogPluginManager: Mounting plugin CustomMeshComponent
LogPluginManager: Mounting plugin EditableMesh
LogPluginManager: Mounting plugin ExampleDeviceProfileSelector
LogPluginManager: Mounting plugin GoogleCloudMessaging
LogPluginManager: Mounting plugin ImmediatePhysics
LogPluginManager: Mounting plugin IOSDeviceProfileSelector
LogPluginManager: Mounting plugin LinuxDeviceProfileSelector
LogPluginManager: Mounting plugin LocationServicesBPLibrary
LogPluginManager: Mounting plugin MobilePatchingUtils
LogPluginManager: Mounting plugin OculusVR
LogPluginManager: Plugin shader directory ../../../Engine/Plugins/Runtime/Oculus/OculusVR/Shaders found
LogPluginManager: Mapping shader source directory ../../../Engine/Plugins/Runtime/Oculus/OculusVR/Shaders to virtual directory /Plugin/OculusVR
LogPluginManager: Mounting plugin PhysXVehicles
LogPluginManager: Mounting plugin ProceduralMeshComponent
LogPluginManager: Mounting plugin RuntimePhysXCooking
LogPluginManager: Mounting plugin SteamVR
LogPluginManager: Mounting plugin WindowsMoviePlayer
LogStreaming: Display: Took  0.086s to configure plugins.
LogInit: Using libcurl 7.55.1-DEV
LogInit:  - built for x86_64-pc-win32
LogInit:  - supports SSL with OpenSSL/1.0.2h
LogInit:  - supports HTTP deflate (compression) using libz 1.2.8
LogInit:  - other features:
LogInit:      CURL_VERSION_SSL
LogInit:      CURL_VERSION_LIBZ
LogInit:      CURL_VERSION_IPV6
LogInit:      CURL_VERSION_ASYNCHDNS
LogInit:      CURL_VERSION_LARGEFILE
LogInit:      CURL_VERSION_IDN
LogInit:  CurlRequestOptions (configurable via config and command line):
LogInit:  - bVerifyPeer = false  - Libcurl will NOT verify peer certificate
LogInit:  - bUseHttpProxy = false  - Libcurl will NOT use HTTP proxy
LogInit:  - bDontReuseConnections = false  - Libcurl will reuse connections
LogInit:  - CertBundlePath = nullptr  - Libcurl will use whatever was configured at build time.
LogInit:  - MaxHostConnections = 16  - Libcurl will limit the number of connections to a host
LogInit:  - LocalHostAddr = Default
LogInit:  - BufferSize = 65536
LogInit: WinSock: version 1.1 (2.2), MaxSocks=32767, MaxUdp=65467
LogInit: Build: ++UE4+Release-4.20-CL-4212847
LogInit: Engine Version: 4.20.0-4212847+++UE4+Release-4.20
LogInit: Compatible Engine Version: 4.20.0-4212847+++UE4+Release-4.20
LogInit: Net CL: 4212847
LogInit: OS: Windows 10 (), CPU: Intel(R) Core(TM) i7-8809G CPU @ 3.10GHz, GPU: Radeon RX Vega M GH Graphics
LogInit: Compiled (64-bit): Jul 14 2018 09:51:14
LogInit: Compiled with Visual C++: 19.13.26129.00
LogInit: Build Configuration: Development
LogInit: Branch Name: ++UE4+Release-4.20
LogInit: Command Line: 
LogInit: Base Directory: C:/Program Files/Epic Games/UE_4.20/Engine/Binaries/Win64/
LogInit: Installed Engine Build: 1
LogDevObjectVersion: Number of dev versions registered: 20
LogDevObjectVersion:   Dev-Blueprints (B0D832E4-1F89-4F0D-ACCF-7EB736FD4AA2): 10
LogDevObjectVersion:   Dev-Build (E1C64328-A22C-4D53-A36C-8E866417BD8C): 0
LogDevObjectVersion:   Dev-Core (375EC13C-06E4-48FB-B500-84F0262A717E): 2
LogDevObjectVersion:   Dev-Editor (E4B068ED-F494-42E9-A231-DA0B2E46BB41): 24
LogDevObjectVersion:   Dev-Framework (CFFC743F-43B0-4480-9391-14DF171D2073): 34
LogDevObjectVersion:   Dev-Mobile (B02B49B5-BB20-44E9-A304-32B752E40360): 2
LogDevObjectVersion:   Dev-Networking (A4E4105C-59A1-49B5-A7C5-40C4547EDFEE): 0
LogDevObjectVersion:   Dev-Online (39C831C9-5AE6-47DC-9A44-9C173E1C8E7C): 0
LogDevObjectVersion:   Dev-Physics (78F01B33-EBEA-4F98-B9B4-84EACCB95AA2): 0
LogDevObjectVersion:   Dev-Platform (6631380F-2D4D-43E0-8009-CF276956A95A): 0
LogDevObjectVersion:   Dev-Rendering (12F88B9F-8875-4AFC-A67C-D90C383ABD29): 26
LogDevObjectVersion:   Dev-Sequencer (7B5AE74C-D270-4C10-A958-57980B212A5A): 9
LogDevObjectVersion:   Dev-VR (D7296918-1DD6-4BDD-9DE2-64A83CC13884): 2
LogDevObjectVersion:   Dev-LoadTimes (C2A15278-BFE7-4AFE-6C17-90FF531DF755): 1
LogDevObjectVersion:   Private-Geometry (6EACA3D4-40EC-4CC1-B786-8BED09428FC5): 3
LogDevObjectVersion:   Dev-AnimPhys (29E575DD-E0A3-4627-9D10-D276232CDCEA): 17
LogDevObjectVersion:   Dev-ReflectionCapture (6B266CEC-1EC7-4B8F-A30B-E4D90942FC07): 1
LogDevObjectVersion:   Dev-Automation (0DF73D61-A23F-47EA-B727-89E90C41499A): 1
LogDevObjectVersion:   FortniteMain (601D1886-AC64-4F84-AA16-D3DE0DEAC7D6): 12
LogDevObjectVersion:   Dev-Enterprise (9DFFBCD6-494F-0158-E221-12823C92A888): 1
LogStreaming: Display: Took  0.000s to delete old logs.
LogInit: Presizing for max 8388607 objects, including 0 objects not considered by GC, pre-allocating 0 bytes for permanent pool.
LogInit: Object subsystem initialized
[2018.08.27-19.32.34:114][  0]LogInit: Selected Device Profile: [Windows]
[2018.08.27-19.32.34:114][  0]LogInit: Applying CVar settings loaded from the selected device profile: [Windows]
[2018.08.27-19.32.34:125][  0]LogHAL: Display: Platform has ~ 16 GB [17094848512 / 17179869184 / 16], which maps to Larger [LargestMinGB=32, LargerMinGB=12, DefaultMinGB=8, SmallerMinGB=6, SmallestMinGB=0)
[2018.08.27-19.32.34:125][  0]LogInit: Setting Device Profile CVar: [[r.Vulkan.UseRealUBs:1]]
[2018.08.27-19.32.34:125][  0]LogInit: Going up to parent DeviceProfile []
[2018.08.27-19.32.34:125][  0]LogInit: Computer: eae-n-031
[2018.08.27-19.32.34:125][  0]LogInit: User: u1147195
[2018.08.27-19.32.34:125][  0]LogInit: CPU Page size=4096, Cores=4
[2018.08.27-19.32.34:125][  0]LogInit: High frequency timer resolution =3.023442 MHz
[2018.08.27-19.32.34:125][  0]LogMemory: Memory total: Physical=15.9GB (16GB approx)
[2018.08.27-19.32.34:125][  0]LogMemory: Platform Memory Stats for Windows
[2018.08.27-19.32.34:125][  0]LogMemory: Process Physical Memory: 99.75 MB used, 99.75 MB peak
[2018.08.27-19.32.34:125][  0]LogMemory: Process Virtual Memory: 90.95 MB used, 90.95 MB peak
[2018.08.27-19.32.34:125][  0]LogMemory: Physical Memory: 3732.17 MB used,  12570.75 MB free, 16302.92 MB total
[2018.08.27-19.32.34:125][  0]LogMemory: Virtual Memory: 4640.43 MB used,  12570.75 MB free, 134217728.00 MB total
[2018.08.27-19.32.34:140][  0]LogInit: Using OS detected language (en-US).
[2018.08.27-19.32.34:140][  0]LogInit: Using OS detected locale (en-US).
[2018.08.27-19.32.34:141][  0]LogTextLocalizationManager: No specific localization for 'en-US' exists, so the 'en' localization will be used.
[2018.08.27-19.32.34:470][  0]LogStreaming: Display: Took  0.330s to InitEngineTextLocalization.
[2018.08.27-19.32.34:470][  0]LogInit: Setting process to per monitor DPI aware
[2018.08.27-19.32.34:505][  0]LogSlate: New Slate User Created.  User Index 0, Is Virtual User: 0
[2018.08.27-19.32.34:505][  0]LogSlate: Slate User Registered.  User Index 0, Is Virtual User: 0
[2018.08.27-19.32.34:682][  0]LogHMD: Failed to initialize OpenVR with code 110
[2018.08.27-19.32.34:682][  0]LogD3D11RHI: D3D11 adapters:
[2018.08.27-19.32.34:716][  0]LogD3D11RHI:    0. 'Radeon RX Vega M GH Graphics' (Feature Level 11_0)
[2018.08.27-19.32.34:716][  0]LogD3D11RHI:       4042/0/8151 MB DedicatedVideo/DedicatedSystem/SharedSystem, Outputs:1, VendorId:0x1002
[2018.08.27-19.32.35:240][  0]LogD3D11RHI:    1. 'Intel(R) HD Graphics 630' (Feature Level 11_0)
[2018.08.27-19.32.35:240][  0]LogD3D11RHI:       128/0/8151 MB DedicatedVideo/DedicatedSystem/SharedSystem, Outputs:0, VendorId:0x8086
[2018.08.27-19.32.35:242][  0]LogD3D11RHI:    2. 'Microsoft Basic Render Driver' (Feature Level 11_0)
[2018.08.27-19.32.35:242][  0]LogD3D11RHI:       0/0/8151 MB DedicatedVideo/DedicatedSystem/SharedSystem, Outputs:0, VendorId:0x1414
[2018.08.27-19.32.35:243][  0]LogD3D11RHI: Chosen D3D11 Adapter: 0
[2018.08.27-19.32.35:284][  0]LogD3D11RHI: Creating new Direct3DDevice
[2018.08.27-19.32.35:284][  0]LogD3D11RHI:     GPU DeviceId: 0x694c (for the marketing name, search the web for "GPU Device Id")
[2018.08.27-19.32.35:284][  0]LogWindows: EnumDisplayDevices:
[2018.08.27-19.32.35:284][  0]LogWindows:    0. 'Radeon RX Vega M GH Graphics' (P:1 D:1)
[2018.08.27-19.32.35:284][  0]LogWindows:    1. 'Radeon RX Vega M GH Graphics' (P:0 D:0)
[2018.08.27-19.32.35:284][  0]LogWindows:    2. 'Radeon RX Vega M GH Graphics' (P:0 D:0)
[2018.08.27-19.32.35:284][  0]LogWindows:    3. 'Radeon RX Vega M GH Graphics' (P:0 D:0)
[2018.08.27-19.32.35:285][  0]LogWindows:    4. 'Radeon RX Vega M GH Graphics' (P:0 D:0)
[2018.08.27-19.32.35:285][  0]LogWindows:    5. 'Radeon RX Vega M GH Graphics' (P:0 D:0)
[2018.08.27-19.32.35:285][  0]LogWindows:    6. 'Radeon RX Vega M GH Graphics' (P:0 D:0)
[2018.08.27-19.32.35:285][  0]LogWindows:    7. 'Radeon RX Vega M GH Graphics' (P:0 D:0)
[2018.08.27-19.32.35:286][  0]LogWindows:    8. 'Radeon RX Vega M GH Graphics' (P:0 D:0)
[2018.08.27-19.32.35:286][  0]LogWindows:    9. 'Radeon RX Vega M GH Graphics' (P:0 D:0)
[2018.08.27-19.32.35:286][  0]LogWindows:    10. 'Radeon RX Vega M GH Graphics' (P:0 D:0)
[2018.08.27-19.32.35:286][  0]LogWindows:    11. 'Radeon RX Vega M GH Graphics' (P:0 D:0)
[2018.08.27-19.32.35:287][  0]LogWindows:    12. 'Radeon RX Vega M GH Graphics' (P:0 D:0)
[2018.08.27-19.32.35:287][  0]LogWindows:    13. 'Radeon RX Vega M GH Graphics' (P:0 D:0)
[2018.08.27-19.32.35:287][  0]LogWindows:    14. 'Radeon RX Vega M GH Graphics' (P:0 D:0)
[2018.08.27-19.32.35:287][  0]LogWindows:    15. 'Radeon RX Vega M GH Graphics' (P:0 D:0)
[2018.08.27-19.32.35:287][  0]LogWindows:    16. 'Intel(R) HD Graphics 630' (P:0 D:0)
[2018.08.27-19.32.35:288][  0]LogWindows:    17. 'Intel(R) HD Graphics 630' (P:0 D:0)
[2018.08.27-19.32.35:288][  0]LogWindows: DebugString: PrimaryIsNotTheChoosenAdapter PrimaryIsNotTheChoosenAdapter FoundDriverCount:16 
[2018.08.27-19.32.35:288][  0]LogD3D11RHI:     Adapter Name: Radeon RX Vega M GH Graphics
[2018.08.27-19.32.35:288][  0]LogD3D11RHI:   Driver Version: Adrenalin 18.5.1 (internal:24.20.11016.4, unified:24.20.11016.4)
[2018.08.27-19.32.35:288][  0]LogD3D11RHI:      Driver Date: 5-16-2018
[2018.08.27-19.32.35:288][  0]LogRHI: Texture pool is 2829 MB (70% of 4042 MB)
[2018.08.27-19.32.35:421][  0]LogD3D11RHI: Async texture creation enabled
[2018.08.27-19.32.35:434][  0]LogD3D11RHI: GPU Timing Frequency: 25.000000 (Debug: 2 1)
[2018.08.27-19.32.35:435][  0]LogShaderCompilers: Guid format shader working directory is -28 characters bigger than the processId version (../../../../../../Users/u1147195/Documents/Unreal Projects/EAE3010ZiyuLiuAS3/Intermediate/Shaders/WorkingDirectory/12540/).
[2018.08.27-19.32.35:435][  0]LogShaderCompilers: Cleaned the shader compiler working directory 'C:/Users/u1147195/AppData/Local/Temp/UnrealShaderWorkingDir/4B0AF60847F2746FDA0B4D8192DE43AC/'.
[2018.08.27-19.32.35:660][  0]LogTemp: Display: Loaded TP AllDesktopTargetPlatform
[2018.08.27-19.32.35:671][  0]LogTemp: Display: Loaded TP MacClientTargetPlatform
[2018.08.27-19.32.35:682][  0]LogTemp: Display: Loaded TP MacNoEditorTargetPlatform
[2018.08.27-19.32.35:693][  0]LogTemp: Display: Loaded TP MacServerTargetPlatform
[2018.08.27-19.32.35:704][  0]LogTemp: Display: Loaded TP MacTargetPlatform
[2018.08.27-19.32.35:715][  0]LogTemp: Display: Loaded TP WindowsClientTargetPlatform
[2018.08.27-19.32.35:726][  0]LogTemp: Display: Loaded TP WindowsNoEditorTargetPlatform
[2018.08.27-19.32.35:737][  0]LogTemp: Display: Loaded TP WindowsServerTargetPlatform
[2018.08.27-19.32.35:743][  0]LogTemp: Display: Loaded TP WindowsTargetPlatform
[2018.08.27-19.32.35:803][  0]LogTemp: Display: Loaded TP AndroidTargetPlatform
[2018.08.27-19.32.35:803][  0]LogTemp: Display: Loaded TP AndroidTargetPlatform
[2018.08.27-19.32.35:803][  0]LogTemp: Display: Loaded TP AndroidTargetPlatform
[2018.08.27-19.32.35:803][  0]LogTemp: Display: Loaded TP AndroidTargetPlatform
[2018.08.27-19.32.35:803][  0]LogTemp: Display: Loaded TP AndroidTargetPlatform
[2018.08.27-19.32.35:803][  0]LogTemp: Display: Loaded TP AndroidTargetPlatform
[2018.08.27-19.32.35:803][  0]LogTemp: Display: Loaded TP AndroidTargetPlatform
[2018.08.27-19.32.35:803][  0]LogTemp: Display: Loaded TP AndroidTargetPlatform
[2018.08.27-19.32.35:803][  0]LogTemp: Display: Loaded TP AndroidTargetPlatform
[2018.08.27-19.32.35:803][  0]LogTemp: Display: Loaded TP AndroidTargetPlatform
[2018.08.27-19.32.35:803][  0]LogTemp: Display: Loaded TP AndroidTargetPlatform
[2018.08.27-19.32.35:803][  0]LogTemp: Display: Loaded TP AndroidTargetPlatform
[2018.08.27-19.32.35:803][  0]LogTemp: Display: Loaded TP AndroidTargetPlatform
[2018.08.27-19.32.35:803][  0]LogTemp: Display: Loaded TP AndroidTargetPlatform
[2018.08.27-19.32.35:803][  0]LogTemp: Display: Loaded TP AndroidTargetPlatform
[2018.08.27-19.32.35:803][  0]LogTemp: Display: Loaded TP AndroidTargetPlatform
[2018.08.27-19.32.35:803][  0]LogTemp: Display: Loaded TP AndroidTargetPlatform
[2018.08.27-19.32.35:803][  0]LogTemp: Display: Loaded TP AndroidTargetPlatform
[2018.08.27-19.32.35:804][  0]LogTemp: Display: Loaded TP HTML5TargetPlatform
[2018.08.27-19.32.35:861][  0]LogTemp: Display: Loaded TP IOSTargetPlatform
[2018.08.27-19.32.35:861][  0]LogTemp: Display: Loaded TP IOSTargetPlatform
[2018.08.27-19.32.35:880][  0]LogTemp: Display: Loaded TP TVOSTargetPlatform
[2018.08.27-19.32.35:880][  0]LogTemp: Display: Loaded TP TVOSTargetPlatform
[2018.08.27-19.32.35:890][  0]LogTemp: Display: Loaded TP LinuxClientTargetPlatform
[2018.08.27-19.32.35:900][  0]LogTemp: Display: Loaded TP LinuxNoEditorTargetPlatform
[2018.08.27-19.32.35:910][  0]LogTemp: Display: Loaded TP LinuxServerTargetPlatform
[2018.08.27-19.32.35:920][  0]LogTemp: Display: Loaded TP LinuxTargetPlatform
[2018.08.27-19.32.35:928][  0]LogTemp: Display: Loaded TP LuminTargetPlatform
[2018.08.27-19.32.35:928][  0]LogTargetPlatformManager: Display: Building Assets For Windows
[2018.08.27-19.32.35:980][  0]LogXGEController: Cannot use XGE Controller as Incredibuild is not installed on this machine.
[2018.08.27-19.32.35:980][  0]LogShaderCompilers: Cannot use XGE Shader Compiler as Incredibuild is not installed on this machine.
[2018.08.27-19.32.35:980][  0]LogShaderCompilers: Display: Using Local Shader Compiler.
[2018.08.27-19.32.36:575][  0]LogDerivedDataCache: Display: Max Cache Size: 512 MB
[2018.08.27-19.32.36:626][  0]LogDerivedDataCache: Loaded boot cache 0.05s 71MB C:/Users/u1147195/AppData/Local/UnrealEngine/4.20/DerivedDataCache/Boot.ddc.
[2018.08.27-19.32.36:627][  0]LogDerivedDataCache: Display: Loaded Boot cache: C:/Users/u1147195/AppData/Local/UnrealEngine/4.20/DerivedDataCache/Boot.ddc
[2018.08.27-19.32.36:627][  0]LogDerivedDataCache: FDerivedDataBackendGraph:  Pak pak cache file ../../../../../../Users/u1147195/Documents/Unreal Projects/EAE3010ZiyuLiuAS3/DerivedDataCache/DDC.ddp not found, will not use a pak cache.
[2018.08.27-19.32.36:627][  0]LogDerivedDataCache: Unable to find inner node Pak for hierarchical cache Hierarchy.
[2018.08.27-19.32.36:627][  0]LogDerivedDataCache: FDerivedDataBackendGraph:  CompressedPak pak cache file ../../../../../../Users/u1147195/Documents/Unreal Projects/EAE3010ZiyuLiuAS3/DerivedDataCache/Compressed.ddp not found, will not use a pak cache.
[2018.08.27-19.32.36:627][  0]LogDerivedDataCache: Unable to find inner node CompressedPak for hierarchical cache Hierarchy.
[2018.08.27-19.32.36:638][  0]LogDerivedDataCache: Display: Pak cache opened for reading ../../../Engine/DerivedDataCache/Compressed.ddp.
[2018.08.27-19.32.36:650][  0]LogDerivedDataCache: Using Local data cache path C:/Users/u1147195/AppData/Local/UnrealEngine/Common/DerivedDataCache: Writable
[2018.08.27-19.32.36:650][  0]LogDerivedDataCache: Shared data cache path not found in *engine.ini, will not use an Shared cache.
[2018.08.27-19.32.36:650][  0]LogDerivedDataCache: Unable to find inner node Shared for hierarchical cache Hierarchy.
[2018.08.27-19.32.36:665][  0]LogMaterial: Verifying Global Shaders for PCD3D_SM5
[2018.08.27-19.32.36:666][  0]LogSlate: Using FreeType 2.6.0
[2018.08.27-19.32.36:667][  0]LogSlate: SlateFontServices - WITH_FREETYPE: 1, WITH_HARFBUZZ: 1
[2018.08.27-19.32.36:731][  0]LogAssetRegistry: FAssetRegistry took 0.0254 seconds to start up
[2018.08.27-19.32.36:997][  0]LogInit: Selected Device Profile: [Windows]
[2018.08.27-19.32.37:107][  0]LogSimplygon: Simplygon DLL not present - disabling.
[2018.08.27-19.32.37:110][  0]LogMeshReduction: Using SimplygonSwarm for distributed automatic mesh merging
[2018.08.27-19.32.37:110][  0]LogMeshReduction: Using ProxyLODMeshReduction for automatic mesh merging
[2018.08.27-19.32.37:110][  0]LogMeshReduction: Using QuadricMeshReduction for automatic static mesh reduction
[2018.08.27-19.32.37:110][  0]LogMeshReduction: No automatic skeletal mesh reduction module available
[2018.08.27-19.32.37:128][  0]LogNetVersion: EAE3010ZiyuLiuAS3 1.0.0, NetCL: 4212847, EngineNetVer: 5, GameNetVer: 0 (Checksum: 2994298780)
[2018.08.27-19.32.37:558][  0]LogPackageLocalizationCache: Processed 11 localized package path(s) for 2 prioritized culture(s) in 0.078514 seconds
[2018.08.27-19.32.37:563][  0]LogUObjectArray: 38425 objects as part of root set at end of initial load.
[2018.08.27-19.32.37:563][  0]LogUObjectAllocator: 6690864 out of 0 bytes used by permanent object pool.
[2018.08.27-19.32.37:563][  0]LogUObjectArray: CloseDisregardForGC: 0/0 objects in disregard for GC pool
[2018.08.27-19.32.38:265][  0]LogTcpMessaging: Initializing TcpMessaging bridge
[2018.08.27-19.32.38:277][  0]LogUdpMessaging: Initializing bridge on interface 0.0.0.0:0 to multicast group 230.0.0.1:6666.
[2018.08.27-19.32.38:405][  0]SourceControl: Source control is disabled
[2018.08.27-19.32.38:405][  0]SourceControl: Source control is disabled
[2018.08.27-19.32.38:406][  0]SourceControl: Source control is disabled
[2018.08.27-19.32.38:407][  0]SourceControl: Source control is disabled
[2018.08.27-19.32.38:555][  0]LogAndroidPermission: UAndroidPermissionCallbackProxy::GetInstance
[2018.08.27-19.32.38:621][  0]LogOcInput: OculusInput pre-init called
[2018.08.27-19.32.38:674][  0]LogEngine: Initializing Engine...
[2018.08.27-19.32.38:674][  0]LogHMD: Failed to initialize OpenVR with code 110
[2018.08.27-19.32.38:675][  0]LogStats: UGameplayTagsManager::ConstructGameplayTagTree: ImportINI prefixes -  0.000 s
[2018.08.27-19.32.38:675][  0]LogStats: UGameplayTagsManager::ConstructGameplayTagTree: Construct from data asset -  0.000 s
[2018.08.27-19.32.38:675][  0]LogStats: UGameplayTagsManager::ConstructGameplayTagTree: ImportINI -  0.000 s
[2018.08.27-19.32.38:675][  0]LogStats: UGameplayTagsManager::ConstructGameplayTagTree: GameplayTagTreeChangedEvent.Broadcast -  0.000 s
[2018.08.27-19.32.38:853][  0]LogInit: Initializing FReadOnlyCVARCache
[2018.08.27-19.32.38:866][  0]LogAIModule: Creating AISystem for world Untitled
[2018.08.27-19.32.38:897][  0]LogInit: XAudio2 using '5 - DELL UZ2315H (AMD High Definition Audio Device)' : 2 channels at 48 kHz using 16 bits per sample (channel mask 0x3)
[2018.08.27-19.32.38:921][  0]LogInit: FAudioDevice initialized.
[2018.08.27-19.32.38:921][  0]LogNetVersion: Set ProjectVersion to 1.0.0.0. Version Checksum will be recalculated on next use.
[2018.08.27-19.32.39:000][  0]LogDerivedDataCache: Saved boot cache 0.08s 71MB C:/Users/u1147195/AppData/Local/UnrealEngine/4.20/DerivedDataCache/Boot.ddc.
[2018.08.27-19.32.39:015][  0]LogInit: Texture streaming: Enabled
[2018.08.27-19.32.39:029][  0]LogEngineSessionManager: EngineSessionManager initialized
[2018.08.27-19.32.39:039][  0]LogInit: Transaction tracking system initialized
[2018.08.27-19.32.39:058][  0]BlueprintLog: New page: Editor Load
[2018.08.27-19.32.39:123][  0]LocalizationService: Localization service is disabled
[2018.08.27-19.32.39:336][  0]LogCook: Display: Max memory allowance for cook 16384mb min free memory 0mb
[2018.08.27-19.32.39:336][  0]LogCook: Display: Mobile HDR setting 1
[2018.08.27-19.32.39:336][  0]LogGameplayTags: Display: UGameplayTagsManager::DoneAddingNativeTags. DelegateIsBound: 0
[2018.08.27-19.32.39:336][  0]LogStats: UGameplayTagsManager::ConstructGameplayTagTree: ImportINI prefixes -  0.000 s
[2018.08.27-19.32.39:336][  0]LogStats: UGameplayTagsManager::ConstructGameplayTagTree: Construct from data asset -  0.000 s
[2018.08.27-19.32.39:336][  0]LogStats: UGameplayTagsManager::ConstructGameplayTagTree: ImportINI -  0.000 s
[2018.08.27-19.32.39:336][  0]LogStats: UGameplayTagsManager::ConstructGameplayTagTree: GameplayTagTreeChangedEvent.Broadcast -  0.000 s
[2018.08.27-19.32.39:440][  0]LogFileCache: Scanning file cache for directory 'C:/Users/u1147195/Documents/Unreal Projects/EAE3010ZiyuLiuAS3/Content/' took 0.01s
[2018.08.27-19.32.39:440][  0]SourceControl: Source control is disabled
[2018.08.27-19.32.39:441][  0]Cmd: MAP LOAD FILE="../../../../../../Users/u1147195/Documents/Unreal Projects/EAE3010ZiyuLiuAS3/Content/ThirdPersonBP/Maps/ThirdPersonExampleMap.umap" TEMPLATE=0 SHOWPROGRESS=1 FEATURELEVEL=3
[2018.08.27-19.32.39:441][  0]LightingResults: New page: Lighting Build
[2018.08.27-19.32.39:444][  0]MapCheck: New page: Map Check
[2018.08.27-19.32.39:444][  0]LightingResults: New page: Lighting Build
[2018.08.27-19.32.39:711][  0]LogAIModule: Creating AISystem for world ThirdPersonExampleMap
[2018.08.27-19.32.39:722][  0]LogEditorServer: Finished looking for orphan Actors (0.000 secs)
[2018.08.27-19.32.39:743][  0]Cmd: MAP CHECKDEP NOCLEARLOG
[2018.08.27-19.32.39:803][  0]MapCheck: Map check complete: 0 Error(s), 0 Warning(s), took 59.98ms to complete.
[2018.08.27-19.32.39:803][  0]LogFileHelpers: Loading map 'ThirdPersonExampleMap' took 0.363
[2018.08.27-19.32.39:906][  0]LogSlate: Updating window title bar state: overlay mode, drag disabled, window buttons hidden, title bar hidden
[2018.08.27-19.32.39:912][  0]LogSlate: Updating window title bar state: overlay mode, drag disabled, window buttons hidden, title bar hidden
[2018.08.27-19.32.39:919][  0]LogSlate: Updating window title bar state: overlay mode, drag disabled, window buttons hidden, title bar hidden
[2018.08.27-19.32.39:925][  0]LogSlate: Updating window title bar state: overlay mode, drag disabled, window buttons hidden, title bar hidden
[2018.08.27-19.32.39:930][  0]LogCollectionManager: Loaded 0 collections in 0.001640 seconds
[2018.08.27-19.32.39:972][  0]LogFileCache: Scanning file cache for directory 'C:/Users/u1147195/Documents/Unreal Projects/EAE3010ZiyuLiuAS3/Saved/Collections/' took 0.01s
[2018.08.27-19.32.39:972][  0]LogFileCache: Scanning file cache for directory 'C:/Users/u1147195/Documents/Unreal Projects/EAE3010ZiyuLiuAS3/Content/Developers/u1147195/Collections/' took 0.01s
[2018.08.27-19.32.39:972][  0]LogFileCache: Scanning file cache for directory 'C:/Users/u1147195/Documents/Unreal Projects/EAE3010ZiyuLiuAS3/Content/Collections/' took 0.01s
[2018.08.27-19.32.39:972][  0]LogCollectionManager: Rebuilt the GUID cache for 0 collections in 0.000000 seconds
[2018.08.27-19.32.39:980][  0]LogContentBrowser: Native class hierarchy populated in 0.0076 seconds. Added 2572 classes and 603 folders.
[2018.08.27-19.32.39:985][  0]LogContentBrowser: Native class hierarchy updated for 'WidgetCarousel' in 0.0002 seconds. Added 0 classes and 0 folders.
[2018.08.27-19.32.40:025][  0]LogContentBrowser: Native class hierarchy updated for 'AddContentDialog' in 0.0002 seconds. Added 0 classes and 0 folders.
[2018.08.27-19.32.40:029][  0]LogContentBrowser: Native class hierarchy updated for 'SceneOutliner' in 0.0002 seconds. Added 1 classes and 2 folders.
[2018.08.27-19.32.40:042][  0]LogSlate: Took 0.000181 seconds to synchronously load lazily loaded font '../../../Engine/Content/Slate/Fonts/Roboto-Regular.ttf' (155K)
[2018.08.27-19.32.40:045][  0]LogSlate: Took 0.000215 seconds to synchronously load lazily loaded font '../../../Engine/Content/Slate/Fonts/Roboto-Bold.ttf' (160K)
[2018.08.27-19.32.40:051][  0]LogSlate: Took 0.000220 seconds to synchronously load lazily loaded font '../../../Engine/Content/Editor/Slate/Fonts/FontAwesome.ttf' (139K)
[2018.08.27-19.32.40:117][  0]LogRenderer: Reallocating scene render targets to support 1208x576 Format 10 NumSamples 1 (Frame:1).
[2018.08.27-19.32.40:244][  0]LogSlate: FSceneViewport::OnFocusLost() reason 2
[2018.08.27-19.32.40:256][  0]LogSlate: Window 'Tutorials' being destroyed
[2018.08.27-19.32.40:286][  0]LogContentBrowser: Native class hierarchy updated for 'HierarchicalLODOutliner' in 0.0002 seconds. Added 0 classes and 0 folders.
[2018.08.27-19.32.40:286][  0]LogLoad: (Engine Initialization) Total time: 7.78 seconds
[2018.08.27-19.32.40:286][  0]LogLoad: (Engine Initialization) Total Blueprint compile time: 0.00 seconds
[2018.08.27-19.32.40:296][  0]LogWindowsTextInputMethodSystem: Display: IME system now deactivated.
[2018.08.27-19.32.40:316][  0]LogContentStreaming: Texture pool size now 3000 MB
[2018.08.27-19.32.40:372][  0]LogSlate: Took 0.000207 seconds to synchronously load lazily loaded font '../../../Engine/Content/Slate/Fonts/Roboto-Light.ttf' (167K)
[2018.08.27-19.32.40:393][  1]LogAssetRegistry: Asset discovery search completed in 3.6842 seconds
[2018.08.27-19.32.40:394][  1]LogCollectionManager: Rebuilt the object cache for 0 collections in 0.000000 seconds (found 0 objects)
[2018.08.27-19.32.40:394][  1]LogCollectionManager: Fixed up redirectors for 0 collections in 0.000034 seconds (updated 0 objects)
[2018.08.27-19.33.00:389][386]LogSlate: FSceneViewport::OnFocusLost() reason 2
[2018.08.27-19.33.02:120][594]LogEditorViewport: Clicking Background
[2018.08.27-19.33.03:668][779]LogSlate: FSceneViewport::OnFocusLost() reason 0
[2018.08.27-19.34.48:761][437]LogEditorViewport: Clicking Background
[2018.08.27-19.35.03:923][179]LogSlate: FSceneViewport::OnFocusLost() reason 2
[2018.08.27-19.35.53:147][ 58]Cmd: DELETE
[2018.08.27-19.35.53:147][ 58]Cmd: ACTOR DELETE
[2018.08.27-19.35.53:150][ 58]LogEditorActor: Deleted Actor: Brush
[2018.08.27-19.35.53:175][ 58]LogEditorActor: Deleted 1 Actors (0.028 secs)
[2018.08.27-19.35.53:911][141]Cmd: DELETE
[2018.08.27-19.35.53:911][141]Cmd: ACTOR DELETE
[2018.08.27-19.35.53:914][141]LogEditorActor: Deleted Actor: Brush
[2018.08.27-19.35.53:940][141]LogEditorActor: Deleted 1 Actors (0.029 secs)
[2018.08.27-19.35.54:806][240]Cmd: DELETE
[2018.08.27-19.35.54:806][240]Cmd: ACTOR DELETE
[2018.08.27-19.35.54:808][240]LogEditorActor: Deleted Actor: Brush
[2018.08.27-19.35.54:835][240]LogEditorActor: Deleted 1 Actors (0.029 secs)
[2018.08.27-19.35.55:536][323]LogEditorViewport: Clicking on Actor (LMB): SkyLight (SkyLight2)
[2018.08.27-19.35.55:988][373]Cmd: DELETE
[2018.08.27-19.35.55:988][373]Cmd: ACTOR DELETE
[2018.08.27-19.35.55:991][373]LogEditorActor: Deleted Actor: SkyLight
[2018.08.27-19.35.56:009][373]LogEditorActor: Deleted 1 Actors (0.021 secs)
[2018.08.27-19.35.56:823][467]Cmd: DELETE
[2018.08.27-19.35.56:823][467]Cmd: ACTOR DELETE
[2018.08.27-19.35.56:826][467]LogEditorActor: Deleted Actor: Brush
[2018.08.27-19.35.56:851][467]LogEditorActor: Deleted 1 Actors (0.028 secs)
[2018.08.27-19.35.57:561][546]Cmd: DELETE
[2018.08.27-19.35.57:561][546]Cmd: ACTOR DELETE
[2018.08.27-19.35.57:564][546]LogEditorActor: Deleted Actor: Brush
[2018.08.27-19.35.57:588][546]LogEditorActor: Deleted 1 Actors (0.026 secs)
[2018.08.27-19.35.58:336][631]Cmd: DELETE
[2018.08.27-19.35.58:336][631]Cmd: ACTOR DELETE
[2018.08.27-19.35.58:339][631]LogEditorActor: Deleted Actor: Brush
[2018.08.27-19.35.58:364][631]LogEditorActor: Deleted 1 Actors (0.027 secs)
[2018.08.27-19.35.59:080][712]Cmd: DELETE
[2018.08.27-19.35.59:080][712]Cmd: ACTOR DELETE
[2018.08.27-19.35.59:083][712]LogEditorActor: Deleted Actor: Brush
[2018.08.27-19.35.59:106][712]LogEditorActor: Deleted 1 Actors (0.025 secs)
[2018.08.27-19.35.59:736][783]Cmd: DELETE
[2018.08.27-19.35.59:736][783]Cmd: ACTOR DELETE
[2018.08.27-19.35.59:739][783]LogEditorActor: Deleted Actor: Brush
[2018.08.27-19.35.59:762][783]LogEditorActor: Deleted 1 Actors (0.026 secs)
[2018.08.27-19.36.22:065][411]LogSlate: FSceneViewport::OnFocusLost() reason 0
[2018.08.27-19.36.48:977][602]LogSlate: FSceneViewport::OnFocusLost() reason 0
[2018.08.27-19.37.09:062][989]LogEditorViewport: Clicking Background
[2018.08.27-19.37.12:202][357]LogEditorViewport: Clicking Background
[2018.08.27-19.37.57:871][815]Cmd: EDCALLBACK SURFPROPS
[2018.08.27-19.38.04:572][614]LogSlate: FSceneViewport::OnFocusLost() reason 0
[2018.08.27-19.38.10:030][246]LogSlate: FSceneViewport::OnFocusLost() reason 0
[2018.08.27-19.38.36:141][370]LogSlate: FSceneViewport::OnFocusLost() reason 0
[2018.08.27-19.38.45:368][467]LogSlate: FSceneViewport::OnFocusLost() reason 0
[2018.08.27-19.39.01:521][349]Cmd: DELETE
[2018.08.27-19.39.01:521][349]Cmd: ACTOR DELETE
[2018.08.27-19.39.01:526][349]LogEditorActor: Deleted Actor: Brush
[2018.08.27-19.39.01:550][349]LogEditorActor: Deleted 1 Actors (0.029 secs)
[2018.08.27-19.39.12:970][678]LogEditorViewport: Clicking Background
[2018.08.27-19.39.20:831][614]LogEditorViewport: Clicking on Actor (LMB): Brush (Street square block3)
[2018.08.27-19.39.23:128][886]LogSlate: FSceneViewport::OnFocusLost() reason 0
[2018.08.27-19.40.07:320][169]LogSlate: FSceneViewport::OnFocusLost() reason 0
[2018.08.27-19.40.15:683][167]LogEditorViewport: Clicking Background
[2018.08.27-19.40.16:361][247]Cmd: TRANSACTION UNDO
[2018.08.27-19.40.16:361][247]LogEditorTransaction: Undo Clicking Background
[2018.08.27-19.40.16:375][247]LogSlate: Took 0.000278 seconds to synchronously load lazily loaded font '../../../Engine/Content/Slate/Fonts/Roboto-Light.ttf' (167K)
[2018.08.27-19.40.16:719][285]Cmd: TRANSACTION UNDO
[2018.08.27-19.40.16:719][285]LogEditorTransaction: Undo Edit Z
[2018.08.27-19.40.16:929][304]Cmd: TRANSACTION UNDO
[2018.08.27-19.40.16:929][304]LogEditorTransaction: Undo Select Brush Surface
[2018.08.27-19.40.27:745][597]LogEditorViewport: Clicking on Actor (LMB): Brush (Cylinder Brush7)
[2018.08.27-19.40.30:685][946]LogSlate: FSceneViewport::OnFocusLost() reason 0
[2018.08.27-19.41.16:256][388]LogEditorViewport: Clicking on Actor (LMB): Brush (Cylinder Brush7)
[2018.08.27-19.41.19:395][757]LogSlate: FSceneViewport::OnFocusLost() reason 2
[2018.08.27-19.41.26:256][573]Cmd: CAMERA ALIGN ACTIVEVIEWPORTONLY
[2018.08.27-19.41.30:382][ 66]LogSlate: FSceneViewport::OnFocusLost() reason 2
[2018.08.27-19.41.36:612][808]LogEditorViewport: Clicking on Actor (LMB): SkyLight (SkyLight)
[2018.08.27-19.41.39:492][148]LogEditorViewport: Clicking on Actor (LMB): Brush (Cylinder Brush7)
[2018.08.27-19.41.41:575][391]Cmd: CAMERA ALIGN ACTIVEVIEWPORTONLY
[2018.08.27-19.41.45:632][874]LogSlate: FSceneViewport::OnFocusLost() reason 0
[2018.08.27-19.41.52:778][727]LogSlate: FSceneViewport::OnFocusLost() reason 0
[2018.08.27-19.42.04:256][ 98]LogEditorViewport: Clicking on Actor (LMB): Brush (Street square block3)
[2018.08.27-19.42.06:867][408]LogEditorViewport: Clicking on Actor (LMB): Brush (Cylinder Brush7)
[2018.08.27-19.42.13:526][200]LogSlate: FSceneViewport::OnFocusLost() reason 0
[2018.08.27-19.42.22:851][285]LogEditorViewport: Clicking Background
[2018.08.27-19.42.27:057][779]LogEditorViewport: Clicking Background
[2018.08.27-19.42.32:853][473]LogSlate: FSceneViewport::OnFocusLost() reason 0
[2018.08.27-19.42.34:768][702]LogEditorViewport: Clicking on Actor (LMB): Brush (Cylinder Brush7)
[2018.08.27-19.42.36:095][854]LogSlate: FSceneViewport::OnFocusLost() reason 0
[2018.08.27-19.42.38:140][ 80]LogEditorViewport: Clicking Background
[2018.08.27-19.42.41:806][514]LogEditorViewport: Clicking Background
[2018.08.27-19.42.42:609][610]LogEditorViewport: Clicking on Actor (LMB): Brush (Cylinder Brush7)
[2018.08.27-19.42.51:172][608]LogSlate: FSceneViewport::OnFocusLost() reason 0
[2018.08.27-19.42.55:193][ 56]LogEditorViewport: Clicking Background
[2018.08.27-19.42.55:952][146]LogEditorViewport: Clicking Background
[2018.08.27-19.43.09:135][724]LogSlate: FSceneViewport::OnFocusLost() reason 0
[2018.08.27-19.43.12:242][ 96]LogEditorViewport: Clicking on Actor (LMB): Brush (Cylinder Brush8)
[2018.08.27-19.43.13:382][224]LogSlate: FSceneViewport::OnFocusLost() reason 0
[2018.08.27-19.43.22:403][243]LogSlate: FSceneViewport::OnFocusLost() reason 0
[2018.08.27-19.43.27:640][847]LogEditorViewport: Clicking on Actor (LMB): Brush (Cylinder Brush9)
[2018.08.27-19.43.34:885][682]LogEditorViewport: Clicking Background
[2018.08.27-19.43.37:924][ 45]LogSlate: FSceneViewport::OnFocusLost() reason 2
[2018.08.27-19.43.41:601][479]Cmd: CAMERA ALIGN ACTIVEVIEWPORTONLY
[2018.08.27-19.43.48:413][289]Cmd: DELETE
[2018.08.27-19.43.48:413][289]LogGeometryMode: Warning: Unable to find 1 Vertex(s) in new BSP
[2018.08.27-19.43.48:414][289]LogGeometryMode: Warning: Unable to resolve CylinderBrush9 Brush in new BSP, see above
[2018.08.27-19.43.48:414][289]LogGeometryMode: Warning: Unable to find all previously selected geometry data, resetting selection
[2018.08.27-19.43.49:634][432]Cmd: DELETE
[2018.08.27-19.43.49:634][432]LogGeometryMode: Warning: Unable to find 1 Vertex(s) in new BSP
[2018.08.27-19.43.49:634][432]LogGeometryMode: Warning: Unable to resolve CylinderBrush9 Brush in new BSP, see above
[2018.08.27-19.43.49:634][432]LogGeometryMode: Warning: Unable to find all previously selected geometry data, resetting selection
[2018.08.27-19.43.57:914][417]Cmd: TRANSACTION UNDO
[2018.08.27-19.43.57:914][417]LogEditorTransaction: Undo Modifier [Delete]
[2018.08.27-19.43.59:281][574]Cmd: TRANSACTION UNDO
[2018.08.27-19.43.59:281][574]LogEditorTransaction: Undo Modifier [Edit]
[2018.08.27-19.43.59:923][648]Cmd: TRANSACTION UNDO
[2018.08.27-19.43.59:923][648]LogEditorTransaction: Undo Modifier [Delete]
[2018.08.27-19.44.01:071][779]LogEditorViewport: Clicking Background
[2018.08.27-19.44.36:646][999]LogSlate: FSceneViewport::OnFocusLost() reason 0
[2018.08.27-19.44.38:997][274]Cmd: CAMERA ALIGN ACTIVEVIEWPORTONLY
[2018.08.27-19.44.42:053][636]LogEditorViewport: Clicking Background
[2018.08.27-19.44.56:517][345]LogSlate: FSceneViewport::OnFocusLost() reason 0
[2018.08.27-19.44.56:844][357]LogSavePackage: Moving '../../../../../../Users/u1147195/Documents/Unreal Projects/EAE3010ZiyuLiuAS3/Saved/ThirdPersonExampleMap7E6BEF4A4157E5AD0EE5C6A71EA9F76C.tmp' to '../../../../../../Users/u1147195/Documents/Unreal Projects/EAE3010ZiyuLiuAS3/Content/ThirdPersonBP/Maps/ThirdPersonExampleMap.umap'
[2018.08.27-19.44.57:041][357]LogSavePackage: Moving '../../../../../../Users/u1147195/Documents/Unreal Projects/EAE3010ZiyuLiuAS3/Saved/ThirdPersonExampleMap_BuiltData7F8B64D04B8DD86FB81859A74777E810.tmp' to '../../../../../../Users/u1147195/Documents/Unreal Projects/EAE3010ZiyuLiuAS3/Content/ThirdPersonBP/Maps/ThirdPersonExampleMap_BuiltData.uasset'
[2018.08.27-19.44.58:151][486]LogSlate: FSceneViewport::OnFocusLost() reason 0
[2018.08.27-19.44.58:314][497]LogSlate: Window 'EAE3010ZiyuLiuAS3 - Unreal Editor' being destroyed
[2018.08.27-19.44.58:482][498]Cmd: QUIT_EDITOR
[2018.08.27-19.44.58:496][498]LogWindowsTextInputMethodSystem: Display: IME system now deactivated.
[2018.08.27-19.44.58:509][498]LogExit: Preparing to exit.
[2018.08.27-19.44.59:670][498]LogExit: Editor shut down
[2018.08.27-19.44.59:670][498]LogExit: Transaction tracking system shut down
[2018.08.27-19.45.00:345][498]LogExit: Object subsystem successfully closed.
[2018.08.27-19.45.00:364][498]LogShaderCompilers: Display: Shaders left to compile 0
[2018.08.27-19.45.00:369][498]LogD3D11RHI: Shutdown
[2018.08.27-19.45.00:369][498]LogD3D11RHI: CleanupD3DDevice
[2018.08.27-19.45.00:372][498]LogD3D11RHI: ~FD3D11DynamicRHI
[2018.08.27-19.45.00:396][498]LogModuleManager: Shutting down and abandoning module HierarchicalLODOutliner (610)
[2018.08.27-19.45.00:396][498]LogModuleManager: Shutting down and abandoning module SceneOutliner (608)
[2018.08.27-19.45.00:396][498]LogModuleManager: Shutting down and abandoning module AddContentDialog (606)
[2018.08.27-19.45.00:396][498]LogModuleManager: Shutting down and abandoning module WidgetCarousel (605)
[2018.08.27-19.45.00:396][498]LogModuleManager: Shutting down and abandoning module EditorWidgets (602)
[2018.08.27-19.45.00:396][498]LogModuleManager: Shutting down and abandoning module CollectionManager (600)
[2018.08.27-19.45.00:396][498]LogModuleManager: Shutting down and abandoning module StatsViewer (598)
[2018.08.27-19.45.00:397][498]LogModuleManager: Shutting down and abandoning module FoliageEdit (596)
[2018.08.27-19.45.00:397][498]LogModuleManager: Shutting down and abandoning module LandscapeEditor (594)
[2018.08.27-19.45.00:397][498]LogModuleManager: Shutting down and abandoning module MeshPaintMode (592)
[2018.08.27-19.45.00:397][498]LogModuleManager: Shutting down and abandoning module SceneDepthPickerMode (590)
[2018.08.27-19.45.00:397][498]LogModuleManager: Shutting down and abandoning module ActorPickerMode (588)
[2018.08.27-19.45.00:397][498]LogModuleManager: Shutting down and abandoning module GeometryMode (586)
[2018.08.27-19.45.00:397][498]LogModuleManager: Shutting down and abandoning module TextureAlignMode (584)
[2018.08.27-19.45.00:397][498]LogModuleManager: Shutting down and abandoning module BspMode (582)
[2018.08.27-19.45.00:397][498]LogModuleManager: Shutting down and abandoning module PIEPreviewDeviceProfileSelector (580)
[2018.08.27-19.45.00:397][498]LogModuleManager: Shutting down and abandoning module SequenceRecorderSections (578)
[2018.08.27-19.45.00:397][498]LogModuleManager: Shutting down and abandoning module AutomationWorker (576)
[2018.08.27-19.45.00:397][498]LogModuleManager: Shutting down and abandoning module AudioCaptureEditor (574)
[2018.08.27-19.45.00:397][498]LogModuleManager: Shutting down and abandoning module SequenceRecorder (573)
[2018.08.27-19.45.00:397][498]LogModuleManager: Shutting down and abandoning module MatineeToLevelSequence (570)
[2018.08.27-19.45.00:397][498]LogModuleManager: Shutting down and abandoning module LevelSequenceEditor (568)
[2018.08.27-19.45.00:397][498]LogModuleManager: Shutting down and abandoning module PlacementMode (567)
[2018.08.27-19.45.00:397][498]LogModuleManager: Shutting down and abandoning module MaterialEditor (566)
[2018.08.27-19.45.00:397][498]LogModuleManager: Shutting down and abandoning module WmfMediaFactory (562)
[2018.08.27-19.45.00:397][498]LogModuleManager: Shutting down and abandoning module WmfMediaEditor (560)
[2018.08.27-19.45.00:397][498]LogModuleManager: Shutting down and abandoning module MediaPlayerEditor (558)
[2018.08.27-19.45.00:397][498]LogModuleManager: Shutting down and abandoning module OpenExrWrapper (556)
[2018.08.27-19.45.00:397][498]LogModuleManager: Shutting down and abandoning module ImgMediaFactory (554)
[2018.08.27-19.45.00:397][498]LogModuleManager: Shutting down and abandoning module ImgMediaEditor (552)
[2018.08.27-19.45.00:397][498]LogModuleManager: Shutting down and abandoning module AvfMediaFactory (550)
[2018.08.27-19.45.00:397][498]LogModuleManager: Shutting down and abandoning module AvfMediaEditor (548)
[2018.08.27-19.45.00:397][498]LogModuleManager: Shutting down and abandoning module AndroidMediaFactory (546)
[2018.08.27-19.45.00:397][498]LogModuleManager: Shutting down and abandoning module AndroidMediaEditor (544)
[2018.08.27-19.45.00:397][498]LogModuleManager: Shutting down and abandoning module MagicLeapCameraPreviewFactory (542)
[2018.08.27-19.45.00:397][498]LogModuleManager: Shutting down and abandoning module MagicLeapMediaFactory (540)
[2018.08.27-19.45.00:397][498]LogModuleManager: Shutting down and abandoning module MagicLeapMediaEditor (538)
[2018.08.27-19.45.00:397][498]LogModuleManager: Shutting down and abandoning module CharacterAI (536)
[2018.08.27-19.45.00:397][498]LogModuleManager: Shutting down and abandoning module SmartSnapping (534)
[2018.08.27-19.45.00:397][498]LogModuleManager: Shutting down and abandoning module SessionServices (532)
[2018.08.27-19.45.00:397][498]LogModuleManager: Shutting down and abandoning module ViewportSnapping (530)
[2018.08.27-19.45.00:397][498]LogModuleManager: Shutting down and abandoning module ViewportInteraction (528)
[2018.08.27-19.45.00:397][498]LogModuleManager: Shutting down and abandoning module ClothPainter (526)
[2018.08.27-19.45.00:397][498]LogModuleManager: Shutting down and abandoning module SkeletalMeshEditor (525)
[2018.08.27-19.45.00:397][498]LogModuleManager: Shutting down and abandoning module LogVisualizer (522)
[2018.08.27-19.45.00:397][498]LogModuleManager: Shutting down and abandoning module IntroTutorials (520)
[2018.08.27-19.45.00:397][498]LogModuleManager: Shutting down and abandoning module GameProjectGeneration (519)
[2018.08.27-19.45.00:397][498]LogModuleManager: Shutting down and abandoning module LuminPlatformEditor (516)
[2018.08.27-19.45.00:397][498]LogModuleManager: Shutting down and abandoning module IOSPlatformEditor (514)
[2018.08.27-19.45.00:397][498]LogModuleManager: Shutting down and abandoning module HTML5PlatformEditor (512)
[2018.08.27-19.45.00:397][498]LogModuleManager: Shutting down and abandoning module AndroidPlatformEditor (510)
[2018.08.27-19.45.00:397][498]LogModuleManager: Shutting down and abandoning module AndroidDeviceDetection (509)
[2018.08.27-19.45.00:542][498]LogModuleManager: Shutting down and abandoning module WindowsPlatformEditor (506)
[2018.08.27-19.45.00:542][498]LogModuleManager: Shutting down and abandoning module LuminRuntimeSettings (504)
[2018.08.27-19.45.00:542][498]LogModuleManager: Shutting down and abandoning module IOSRuntimeSettings (502)
[2018.08.27-19.45.00:542][498]LogModuleManager: Shutting down and abandoning module AndroidRuntimeSettings (500)
[2018.08.27-19.45.00:542][498]LogModuleManager: Shutting down and abandoning module InputBindingEditor (498)
[2018.08.27-19.45.00:542][498]LogModuleManager: Shutting down and abandoning module MergeActors (496)
[2018.08.27-19.45.00:542][498]LogModuleManager: Shutting down and abandoning module LocalizationDashboard (494)
[2018.08.27-19.45.00:542][498]LogModuleManager: Shutting down and abandoning module LocalizationService (493)
[2018.08.27-19.45.00:542][498]LogModuleManager: Shutting down and abandoning module HardwareTargeting (490)
[2018.08.27-19.45.00:542][498]LogModuleManager: Shutting down and abandoning module DeviceProfileEditor (488)
[2018.08.27-19.45.00:542][498]LogModuleManager: Shutting down and abandoning module UndoHistory (486)
[2018.08.27-19.45.00:542][498]LogModuleManager: Shutting down and abandoning module XmlParser (484)
[2018.08.27-19.45.00:542][498]LogModuleManager: Shutting down and abandoning module Blutility (482)
[2018.08.27-19.45.00:542][498]LogModuleManager: Shutting down and abandoning module ProjectSettingsViewer (480)
[2018.08.27-19.45.00:542][498]LogModuleManager: Shutting down and abandoning module ProjectTargetPlatformEditor (479)
[2018.08.27-19.45.00:542][498]LogModuleManager: Shutting down and abandoning module EditorSettingsViewer (476)
[2018.08.27-19.45.00:543][498]LogModuleManager: Shutting down and abandoning module SettingsEditor (474)
[2018.08.27-19.45.00:543][498]LogModuleManager: Shutting down and abandoning module ProjectLauncher (472)
[2018.08.27-19.45.00:543][498]LogModuleManager: Shutting down and abandoning module SessionFrontend (470)
[2018.08.27-19.45.00:543][498]LogModuleManager: Shutting down and abandoning module ProfilerClient (468)
[2018.08.27-19.45.00:543][498]LogModuleManager: Shutting down and abandoning module DeviceManager (466)
[2018.08.27-19.45.00:543][498]LogModuleManager: Shutting down and abandoning module TargetDeviceServices (465)
[2018.08.27-19.45.00:607][498]LogModuleManager: Shutting down and abandoning module AutomationController (462)
[2018.08.27-19.45.00:607][498]LogModuleManager: Shutting down and abandoning module AutomationWindow (460)
[2018.08.27-19.45.00:607][498]LogModuleManager: Shutting down and abandoning module Layers (458)
[2018.08.27-19.45.00:607][498]LogModuleManager: Shutting down and abandoning module ComponentVisualizers (456)
[2018.08.27-19.45.00:607][498]LogModuleManager: Shutting down and abandoning module DetailCustomizations (454)
[2018.08.27-19.45.00:607][498]LogModuleManager: Shutting down and abandoning module PackagesDialog (452)
[2018.08.27-19.45.00:607][498]LogModuleManager: Shutting down and abandoning module Persona (450)
[2018.08.27-19.45.00:607][498]LogModuleManager: Shutting down and abandoning module AdvancedPreviewScene (449)
[2018.08.27-19.45.00:607][498]LogModuleManager: Shutting down and abandoning module AnimGraph (447)
[2018.08.27-19.45.00:607][498]LogModuleManager: Shutting down and abandoning module Kismet (444)
[2018.08.27-19.45.00:607][498]LogModuleManager: Shutting down and abandoning module GraphEditor (442)
[2018.08.27-19.45.00:607][498]LogModuleManager: Shutting down and abandoning module ClassViewer (440)
[2018.08.27-19.45.00:607][498]LogModuleManager: Shutting down and abandoning module Toolbox (438)
[2018.08.27-19.45.00:607][498]LogModuleManager: Shutting down and abandoning module ModuleUI (436)
[2018.08.27-19.45.00:607][498]LogModuleManager: Shutting down and abandoning module MovieSceneTools (434)
[2018.08.27-19.45.00:607][498]LogModuleManager: Shutting down and abandoning module OutputLog (432)
[2018.08.27-19.45.00:608][498]LogModuleManager: Shutting down and abandoning module GammaUI (430)
[2018.08.27-19.45.00:608][498]LogModuleManager: Shutting down and abandoning module Documentation (428)
[2018.08.27-19.45.00:608][498]LogModuleManager: Shutting down and abandoning module MovieSceneTracks (426)
[2018.08.27-19.45.00:608][498]LogModuleManager: Shutting down and abandoning module MovieScene (424)
[2018.08.27-19.45.00:608][498]LogModuleManager: Shutting down and abandoning module StreamingPauseRendering (422)
[2018.08.27-19.45.00:608][498]LogModuleManager: Shutting down and abandoning module LauncherPlatform (420)
[2018.08.27-19.45.00:608][498]LogModuleManager: Shutting down and abandoning module AnalyticsET (418)
[2018.08.27-19.45.00:608][498]LogModuleManager: Shutting down and abandoning module PortalServices (416)
[2018.08.27-19.45.00:608][498]LogModuleManager: Shutting down and abandoning module PortalRpc (414)
[2018.08.27-19.45.00:608][498]LogModuleManager: Shutting down and abandoning module MessagingRpc (412)
[2018.08.27-19.45.00:608][498]LogModuleManager: Shutting down and abandoning module AIModule (410)
[2018.08.27-19.45.00:608][498]LogModuleManager: Shutting down and abandoning module GameplayDebugger (409)
[2018.08.27-19.45.00:608][498]LogModuleManager: Shutting down and abandoning module AITestSuite (407)
[2018.08.27-19.45.00:608][498]LogModuleManager: Shutting down and abandoning module NavigationSystem (405)
[2018.08.27-19.45.00:608][498]LogModuleManager: Shutting down and abandoning module DesktopPlatform (402)
[2018.08.27-19.45.00:608][498]LogModuleManager: Shutting down and abandoning module ProfilerService (400)
[2018.08.27-19.45.00:642][498]LogModuleManager: Shutting down and abandoning module TaskGraph (398)
[2018.08.27-19.45.00:642][498]LogModuleManager: Shutting down and abandoning module SteamVRController (396)
[2018.08.27-19.45.00:642][498]LogModuleManager: Shutting down and abandoning module ProceduralMeshComponentEditor (394)
[2018.08.27-19.45.00:642][498]LogModuleManager: Shutting down and abandoning module ProceduralMeshComponent (392)
[2018.08.27-19.45.00:642][498]LogModuleManager: Shutting down and abandoning module OculusInput (390)
[2018.08.27-19.45.00:642][498]LogModuleManager: Shutting down and abandoning module MobilePatchingUtils (388)
[2018.08.27-19.45.00:642][498]LogModuleManager: Shutting down and abandoning module EditableMesh (386)
[2018.08.27-19.45.00:642][498]LogModuleManager: Shutting down and abandoning module CustomMeshComponent (384)
[2018.08.27-19.45.00:642][498]LogModuleManager: Shutting down and abandoning module CableComponent (382)
[2018.08.27-19.45.00:642][498]LogModuleManager: Shutting down and abandoning module AudioCapture (380)
[2018.08.27-19.45.00:642][498]LogModuleManager: Shutting down and abandoning module ArchVisCharacter (378)
[2018.08.27-19.45.00:642][498]LogModuleManager: Shutting down and abandoning module AndroidPermission (376)
[2018.08.27-19.45.00:643][498]LogModuleManager: Shutting down and abandoning module NUTUnrealEngine4 (374)
[2018.08.27-19.45.00:643][498]LogModuleManager: Shutting down and abandoning module NetcodeUnitTest (372)
[2018.08.27-19.45.00:643][498]LogModuleManager: Shutting down and abandoning module MediaCompositingEditor (370)
[2018.08.27-19.45.00:643][498]LogModuleManager: Shutting down and abandoning module MediaCompositing (368)
[2018.08.27-19.45.00:643][498]LogModuleManager: Shutting down and abandoning module LinearTimecode (366)
[2018.08.27-19.45.00:643][498]LogModuleManager: Shutting down and abandoning module ImgMedia (364)
[2018.08.27-19.45.00:646][498]LogModuleManager: Shutting down and abandoning module HTML5Networking (362)
[2018.08.27-19.45.00:646][498]LogModuleManager: Shutting down and abandoning module GeometryCacheTracks (360)
[2018.08.27-19.45.00:646][498]LogModuleManager: Shutting down and abandoning module GeometryCacheSequencer (358)
[2018.08.27-19.45.00:646][498]LogModuleManager: Shutting down and abandoning module BackChannel (356)
[2018.08.27-19.45.00:646][498]LogModuleManager: Shutting down and abandoning module AppleVision (354)
[2018.08.27-19.45.00:646][498]LogModuleManager: Shutting down and abandoning module AppleImageUtils (352)
[2018.08.27-19.45.00:646][498]LogModuleManager: Shutting down and abandoning module AlembicImporter (350)
[2018.08.27-19.45.00:646][498]LogModuleManager: Shutting down and abandoning module AlembicLibrary (349)
[2018.08.27-19.45.00:646][498]LogModuleManager: Shutting down and abandoning module GeometryCache (348)
[2018.08.27-19.45.00:646][498]LogModuleManager: Shutting down and abandoning module GeometryCacheEd (347)
[2018.08.27-19.45.00:646][498]LogModuleManager: Shutting down and abandoning module DatasmithContentEditor (342)
[2018.08.27-19.45.00:646][498]LogModuleManager: Shutting down and abandoning module DatasmithContent (340)
[2018.08.27-19.45.00:647][498]LogModuleManager: Shutting down and abandoning module SpeedTreeImporter (338)
[2018.08.27-19.45.00:647][498]LogModuleManager: Shutting down and abandoning module PluginBrowser (336)
[2018.08.27-19.45.00:647][498]LogModuleManager: Shutting down and abandoning module MobileLauncherProfileWizard (334)
[2018.08.27-19.45.00:647][498]LogModuleManager: Shutting down and abandoning module PolygonModeling (332)
[2018.08.27-19.45.00:647][498]LogModuleManager: Shutting down and abandoning module MeshEditor (330)
[2018.08.27-19.45.00:647][498]LogModuleManager: Shutting down and abandoning module CryptoKeysOpenSSL (328)
[2018.08.27-19.45.00:647][498]LogModuleManager: Shutting down and abandoning module CryptoKeys (326)
[2018.08.27-19.45.00:647][498]LogModuleManager: Shutting down and abandoning module VisualStudioSourceCodeAccess (324)
[2018.08.27-19.45.00:647][498]LogModuleManager: Shutting down and abandoning module VisualStudioCodeSourceCodeAccess (322)
[2018.08.27-19.45.00:647][498]LogModuleManager: Shutting down and abandoning module UObjectPlugin (320)
[2018.08.27-19.45.00:647][498]LogModuleManager: Shutting down and abandoning module SubversionSourceControl (318)
[2018.08.27-19.45.00:647][498]LogModuleManager: Shutting down and abandoning module PerforceSourceControl (316)
[2018.08.27-19.45.00:647][498]LogModuleManager: Shutting down and abandoning module GitSourceControl (314)
[2018.08.27-19.45.00:647][498]LogModuleManager: Shutting down and abandoning module SourceControl (313)
[2018.08.27-19.45.00:647][498]LogModuleManager: Shutting down and abandoning module CLionSourceCodeAccess (310)
[2018.08.27-19.45.00:647][498]LogModuleManager: Shutting down and abandoning module LightPropagationVolumeEditor (308)
[2018.08.27-19.45.00:647][498]LogModuleManager: Shutting down and abandoning module PaperTiledImporter (306)
[2018.08.27-19.45.00:647][498]LogModuleManager: Shutting down and abandoning module PaperSpriteSheetImporter (304)
[2018.08.27-19.45.00:647][498]LogModuleManager: Shutting down and abandoning module Paper2DEditor (302)
[2018.08.27-19.45.00:647][498]LogModuleManager: Shutting down and abandoning module MeshPaint (301)
[2018.08.27-19.45.00:647][498]LogModuleManager: Shutting down and abandoning module RuntimePhysXCooking (298)
[2018.08.27-19.45.00:647][498]LogModuleManager: Shutting down and abandoning module PhysXVehiclesEditor (296)
[2018.08.27-19.45.00:647][498]LogModuleManager: Shutting down and abandoning module PhysXVehicles (294)
[2018.08.27-19.45.00:647][498]LogModuleManager: Shutting down and abandoning module OculusEditor (292)
[2018.08.27-19.45.00:647][498]LogModuleManager: Shutting down and abandoning module LocationServicesBPLibrary (290)
[2018.08.27-19.45.00:647][498]LogModuleManager: Shutting down and abandoning module ImmediatePhysicsEditor (288)
[2018.08.27-19.45.00:647][498]LogModuleManager: Shutting down and abandoning module ImmediatePhysics (286)
[2018.08.27-19.45.00:647][498]LogModuleManager: Shutting down and abandoning module ActorSequence (284)
[2018.08.27-19.45.00:647][498]LogModuleManager: Shutting down and abandoning module UdpMessaging (282)
[2018.08.27-19.45.00:748][498]LogModuleManager: Shutting down and abandoning module TcpMessaging (280)
[2018.08.27-19.45.00:848][498]LogModuleManager: Shutting down and abandoning module MagicLeapAudio (278)
[2018.08.27-19.45.00:848][498]LogModuleManager: Shutting down and abandoning module GameplayTagsEditor (276)
[2018.08.27-19.45.00:848][498]LogModuleManager: Shutting down and abandoning module FacialAnimationEditor (274)
[2018.08.27-19.45.00:848][498]LogModuleManager: Shutting down and abandoning module FacialAnimation (272)
[2018.08.27-19.45.00:848][498]LogModuleManager: Shutting down and abandoning module DataValidation (270)
[2018.08.27-19.45.00:848][498]LogModuleManager: Shutting down and abandoning module AssetManagerEditor (268)
[2018.08.27-19.45.00:848][498]LogModuleManager: Shutting down and abandoning module LevelEditor (267)
[2018.08.27-19.45.00:848][498]LogModuleManager: Shutting down and abandoning module PixelInspectorModule (266)
[2018.08.27-19.45.00:848][498]LogModuleManager: Shutting down and abandoning module CommonMenuExtensions (264)
[2018.08.27-19.45.00:849][498]LogModuleManager: Shutting down and abandoning module MainFrame (262)
[2018.08.27-19.45.00:849][498]LogModuleManager: Shutting down and abandoning module HotReload (261)
[2018.08.27-19.45.00:849][498]LogModuleManager: Shutting down and abandoning module ContentBrowser (257)
[2018.08.27-19.45.00:850][498]LogModuleManager: Shutting down and abandoning module TreeMap (255)
[2018.08.27-19.45.00:850][498]LogModuleManager: Shutting down and abandoning module LightPropagationVolumeRuntime (252)
[2018.08.27-19.45.00:850][498]LogModuleManager: Shutting down and abandoning module AISupportModule (250)
[2018.08.27-19.45.00:850][498]LogModuleManager: Shutting down and abandoning module Paper2D (248)
[2018.08.27-19.45.00:850][498]LogModuleManager: Shutting down and abandoning module WindowsMoviePlayer (246)
[2018.08.27-19.45.00:850][498]LogModuleManager: Shutting down and abandoning module WmfMedia (244)
[2018.08.27-19.45.00:851][498]LogModuleManager: Shutting down and abandoning module Media (243)
[2018.08.27-19.45.00:856][498]LogModuleManager: Shutting down and abandoning module PacketHandler (240)
[2018.08.27-19.45.00:856][498]LogModuleManager: Shutting down and abandoning module ClothingSystemEditor (238)
[2018.08.27-19.45.00:856][498]LogModuleManager: Shutting down and abandoning module ClothingSystemRuntime (236)
[2018.08.27-19.45.00:856][498]LogModuleManager: Shutting down and abandoning module MediaAssets (234)
[2018.08.27-19.45.00:856][498]LogModuleManager: Shutting down and abandoning module Overlay (232)
[2018.08.27-19.45.00:856][498]LogModuleManager: Shutting down and abandoning module OverlayEditor (231)
[2018.08.27-19.45.00:856][498]LogModuleManager: Shutting down and abandoning module VREditor (228)
[2018.08.27-19.45.00:856][498]LogModuleManager: Shutting down and abandoning module StringTableEditor (226)
[2018.08.27-19.45.00:856][498]LogModuleManager: Shutting down and abandoning module GameplayTasksEditor (224)
[2018.08.27-19.45.00:856][498]LogModuleManager: Shutting down and abandoning module BehaviorTreeEditor (222)
[2018.08.27-19.45.00:856][498]LogModuleManager: Shutting down and abandoning module FunctionalTesting (220)
[2018.08.27-19.45.00:856][498]LogModuleManager: Shutting down and abandoning module CollisionAnalyzer (218)
[2018.08.27-19.45.00:856][498]LogModuleManager: Shutting down and abandoning module WorkspaceMenuStructure (217)
[2018.08.27-19.45.00:856][498]LogModuleManager: Shutting down and abandoning module UMG (214)
[2018.08.27-19.45.00:856][498]LogModuleManager: Shutting down and abandoning module UMGEditor (213)
[2018.08.27-19.45.00:856][498]LogModuleManager: Shutting down and abandoning module Sequencer (212)
[2018.08.27-19.45.00:857][498]LogModuleManager: Shutting down and abandoning module MessageLog (209)
[2018.08.27-19.45.00:857][498]LogModuleManager: Shutting down and abandoning module SlateReflector (204)
[2018.08.27-19.45.00:857][498]LogModuleManager: Shutting down and abandoning module Slate (202)
[2018.08.27-19.45.00:857][498]LogModuleManager: Shutting down and abandoning module EditorStyle (200)
[2018.08.27-19.45.00:858][498]LogModuleManager: Shutting down and abandoning module MRMesh (198)
[2018.08.27-19.45.00:858][498]LogModuleManager: Shutting down and abandoning module SourceCodeAccess (196)
[2018.08.27-19.45.00:858][498]LogModuleManager: Shutting down and abandoning module HeadMountedDisplay (194)
[2018.08.27-19.45.00:858][498]LogModuleManager: Shutting down and abandoning module XAudio2 (192)
[2018.08.27-19.45.00:858][498]LogModuleManager: Shutting down and abandoning module Networking (190)
[2018.08.27-19.45.00:858][498]LogModuleManager: Shutting down and abandoning module Core (188)
[2018.08.27-19.45.00:858][498]LogModuleManager: Shutting down and abandoning module LevelSequence (186)
[2018.08.27-19.45.00:858][498]LogModuleManager: Shutting down and abandoning module KismetCompiler (184)
[2018.08.27-19.45.00:858][498]LogModuleManager: Shutting down and abandoning module MeshUtilities (182)
[2018.08.27-19.45.00:858][498]LogModuleManager: Shutting down and abandoning module MeshMergeUtilities (181)
[2018.08.27-19.45.00:858][498]LogModuleManager: Shutting down and abandoning module MeshReductionInterface (180)
[2018.08.27-19.45.00:858][498]LogModuleManager: Shutting down and abandoning module SimplygonSwarm (179)
[2018.08.27-19.45.00:858][498]LogModuleManager: Shutting down and abandoning module ProxyLODMeshReduction (177)
[2018.08.27-19.45.00:858][498]LogModuleManager: Shutting down and abandoning module SimplygonMeshReduction (175)
[2018.08.27-19.45.00:858][498]LogModuleManager: Shutting down and abandoning module QuadricMeshReduction (173)
[2018.08.27-19.45.00:858][498]LogModuleManager: Shutting down and abandoning module MaterialBaking (169)
[2018.08.27-19.45.00:858][498]LogModuleManager: Shutting down and abandoning module DirectoryWatcher (165)
[2018.08.27-19.45.00:864][498]LogModuleManager: Shutting down and abandoning module DerivedDataCache (162)
[2018.08.27-19.45.00:956][498]LogDerivedDataCache: Shutdown
[2018.08.27-19.45.00:956][498]LogModuleManager: Shutting down and abandoning module XGEController (160)
[2018.08.27-19.45.00:956][498]LogModuleManager: Shutting down and abandoning module TargetPlatform (158)
[2018.08.27-19.45.00:956][498]LogModuleManager: Shutting down and abandoning module VulkanShaderFormat (157)
[2018.08.27-19.45.00:956][498]LogModuleManager: Shutting down and abandoning module ShaderFormatVectorVM (155)
[2018.08.27-19.45.00:956][498]LogModuleManager: Shutting down and abandoning module ShaderFormatOpenGL (153)
[2018.08.27-19.45.00:956][498]LogModuleManager: Shutting down and abandoning module ShaderFormatD3D (151)
[2018.08.27-19.45.00:956][498]LogModuleManager: Shutting down and abandoning module MetalShaderFormat (149)
[2018.08.27-19.45.00:956][498]LogModuleManager: Shutting down and abandoning module TextureFormatUncompressed (147)
[2018.08.27-19.45.00:956][498]LogModuleManager: Shutting down and abandoning module TextureFormatPVR (145)
[2018.08.27-19.45.00:956][498]LogModuleManager: Shutting down and abandoning module TextureFormatDXT (143)
[2018.08.27-19.45.00:956][498]LogModuleManager: Shutting down and abandoning module TextureFormatIntelISPCTexComp (141)
[2018.08.27-19.45.00:956][498]LogModuleManager: Shutting down and abandoning module TextureFormatASTC (139)
[2018.08.27-19.45.00:956][498]LogModuleManager: Shutting down and abandoning module ImageWrapper (138)
[2018.08.27-19.45.00:956][498]LogModuleManager: Shutting down and abandoning module TextureFormatAndroid (135)
[2018.08.27-19.45.00:956][498]LogModuleManager: Shutting down and abandoning module AudioFormatOpus (133)
[2018.08.27-19.45.00:956][498]LogModuleManager: Shutting down and abandoning module AudioFormatOgg (131)
[2018.08.27-19.45.00:956][498]LogModuleManager: Shutting down and abandoning module AudioFormatADPCM (129)
[2018.08.27-19.45.00:956][498]LogModuleManager: Shutting down and abandoning module LuminTargetPlatform (127)
[2018.08.27-19.45.00:956][498]LogModuleManager: Shutting down and abandoning module LinuxTargetPlatform (125)
[2018.08.27-19.45.00:956][498]LogModuleManager: Shutting down and abandoning module LinuxServerTargetPlatform (123)
[2018.08.27-19.45.00:956][498]LogModuleManager: Shutting down and abandoning module LinuxNoEditorTargetPlatform (121)
[2018.08.27-19.45.00:956][498]LogModuleManager: Shutting down and abandoning module LinuxClientTargetPlatform (119)
[2018.08.27-19.45.00:956][498]LogModuleManager: Shutting down and abandoning module TVOSTargetPlatform (117)
[2018.08.27-19.45.00:957][498]LogModuleManager: Shutting down and abandoning module Messaging (115)
[2018.08.27-19.45.00:957][498]LogModuleManager: Shutting down and abandoning module IOSTargetPlatform (113)
[2018.08.27-19.45.00:957][498]LogModuleManager: Shutting down and abandoning module HTML5TargetPlatform (111)
[2018.08.27-19.45.00:957][498]LogModuleManager: Shutting down and abandoning module AndroidTargetPlatform (109)
[2018.08.27-19.45.00:964][498]LogModuleManager: Shutting down and abandoning module WindowsTargetPlatform (107)
[2018.08.27-19.45.00:964][498]LogModuleManager: Shutting down and abandoning module WindowsServerTargetPlatform (105)
[2018.08.27-19.45.00:964][498]LogModuleManager: Shutting down and abandoning module WindowsNoEditorTargetPlatform (103)
[2018.08.27-19.45.00:964][498]LogModuleManager: Shutting down and abandoning module WindowsClientTargetPlatform (101)
[2018.08.27-19.45.00:964][498]LogModuleManager: Shutting down and abandoning module MacTargetPlatform (99)
[2018.08.27-19.45.00:964][498]LogModuleManager: Shutting down and abandoning module MacServerTargetPlatform (97)
[2018.08.27-19.45.00:964][498]LogModuleManager: Shutting down and abandoning module MacNoEditorTargetPlatform (95)
[2018.08.27-19.45.00:964][498]LogModuleManager: Shutting down and abandoning module MacClientTargetPlatform (93)
[2018.08.27-19.45.00:964][498]LogModuleManager: Shutting down and abandoning module AllDesktopTargetPlatform (91)
[2018.08.27-19.45.00:964][498]LogModuleManager: Shutting down and abandoning module InputCore (88)
[2018.08.27-19.45.00:964][498]LogModuleManager: Shutting down and abandoning module Settings (86)
[2018.08.27-19.45.00:964][498]LogModuleManager: Shutting down and abandoning module PhysXCooking (84)
[2018.08.27-19.45.00:964][498]LogModuleManager: Shutting down and abandoning module SteamVR (82)
[2018.08.27-19.45.00:964][498]LogModuleManager: Shutting down and abandoning module OculusHMD (80)
[2018.08.27-19.45.00:964][498]LogModuleManager: Shutting down and abandoning module ExampleDeviceProfileSelector (78)
[2018.08.27-19.45.00:964][498]LogModuleManager: Shutting down and abandoning module LauncherChunkInstaller (76)
[2018.08.27-19.45.00:964][498]LogModuleManager: Shutting down and abandoning module OnlineBlueprintSupport (74)
[2018.08.27-19.45.00:964][498]LogModuleManager: Shutting down and abandoning module OnlineSubsystem (70)
[2018.08.27-19.45.00:965][498]LogModuleManager: Shutting down and abandoning module XMPP (65)
[2018.08.27-19.45.00:965][498]LogModuleManager: Shutting down and abandoning module WebSockets (64)
[2018.08.27-19.45.00:978][498]LogModuleManager: Shutting down and abandoning module HTTP (61)
[2018.08.27-19.45.00:978][498]LogHttp: Display: Http module shutting down, but needs to wait on 1 outstanding Http requests:
[2018.08.27-19.45.00:978][498]LogHttp: Display: 	verb=[POST] url=[https://datarouter.ol.epicgames.com/datarouter/api/v1/public/data?SessionID=%7B4B0DBD8B-4B71-9DCC-AE2C-E09BEBA5620A%7D&AppID=UEEditor.Rocket.Release&AppVersion=4.20.0-4212847%2B%2B%2BUE4%2BRelease-4.20&UserID=1810fc2f4f949d40ef2ce396eb8b96a2%7C%7C780c3427-c555-4217-9f7d-feeee12fbce9&AppEnvironment=datacollector-binary&UploadType=eteventstream] status=Processing
[2018.08.27-19.45.00:993][498]LogModuleManager: Shutting down and abandoning module SSL (60)
[2018.08.27-19.45.00:994][498]LogModuleManager: Shutting down and abandoning module MagicLeapEmulator (56)
[2018.08.27-19.45.00:994][498]LogModuleManager: Shutting down and abandoning module MagicLeapPrivileges (54)
[2018.08.27-19.45.00:994][498]LogModuleManager: Shutting down and abandoning module MagicLeapIdentity (52)
[2018.08.27-19.45.00:994][498]LogModuleManager: Shutting down and abandoning module MagicLeapHelperVulkan (50)
[2018.08.27-19.45.00:994][498]LogModuleManager: Shutting down and abandoning module MagicLeapHelperOpenGL (48)
[2018.08.27-19.45.00:994][498]LogModuleManager: Shutting down and abandoning module MagicLeapSecureStorage (46)
[2018.08.27-19.45.00:994][498]LogModuleManager: Shutting down and abandoning module MagicLeapGestures (44)
[2018.08.27-19.45.00:994][498]LogModuleManager: Shutting down and abandoning module MagicLeapEyeTracker (42)
[2018.08.27-19.45.00:994][498]LogModuleManager: Shutting down and abandoning module MagicLeapController (40)
[2018.08.27-19.45.00:994][498]LogSlate: Slate User Destroyed.  User Index 0, Is Virtual User: 0
[2018.08.27-19.45.00:994][498]LogModuleManager: Shutting down and abandoning module MagicLeap (38)
[2018.08.27-19.45.00:994][498]LogModuleManager: Shutting down and abandoning module AnimationModifiers (36)
[2018.08.27-19.45.00:994][498]LogModuleManager: Shutting down and abandoning module PropertyEditor (35)
[2018.08.27-19.45.00:994][498]LogModuleManager: Shutting down and abandoning module AudioEditor (32)
[2018.08.27-19.45.00:994][498]LogModuleManager: Shutting down and abandoning module TextureCompressor (30)
[2018.08.27-19.45.00:994][498]LogModuleManager: Shutting down and abandoning module ShaderCore (28)
[2018.08.27-19.45.00:994][498]LogModuleManager: Shutting down and abandoning module Landscape (26)
[2018.08.27-19.45.00:994][498]LogModuleManager: Shutting down and abandoning module SlateRHIRenderer (24)
[2018.08.27-19.45.00:994][498]LogModuleManager: Shutting down and abandoning module OpenGLDrv (22)
[2018.08.27-19.45.00:994][498]LogModuleManager: Shutting down and abandoning module D3D11RHI (20)
[2018.08.27-19.45.00:994][498]LogModuleManager: Shutting down and abandoning module AnimGraphRuntime (18)
[2018.08.27-19.45.00:994][498]LogModuleManager: Shutting down and abandoning module Renderer (16)
[2018.08.27-19.45.00:994][498]LogModuleManager: Shutting down and abandoning module Engine (14)
[2018.08.27-19.45.00:994][498]LogModuleManager: Shutting down and abandoning module CoreUObject (12)
[2018.08.27-19.45.00:995][498]LogModuleManager: Shutting down and abandoning module NetworkFile (10)
[2018.08.27-19.45.00:995][498]LogModuleManager: Shutting down and abandoning module CookedIterativeFile (8)
[2018.08.27-19.45.00:995][498]LogModuleManager: Shutting down and abandoning module StreamingFile (6)
[2018.08.27-19.45.00:995][498]LogModuleManager: Shutting down and abandoning module SandboxFile (4)
[2018.08.27-19.45.00:995][498]LogModuleManager: Shutting down and abandoning module PakFile (2)
[2018.08.27-19.45.01:000][498]LogExit: Exiting.
[2018.08.27-19.45.01:009][498]Log file closed, 08/27/18 13:45:01
