Log file open, 10/15/18 02:04:11
LogWindows: Failed to load 'aqProf.dll' (GetLastError=126)
LogWindows: File 'aqProf.dll' does not exist
LogWindows: Failed to load 'VSPerf140.dll' (GetLastError=126)
LogWindows: File 'VSPerf140.dll' does not exist
LogWindows: Failed to load 'VtuneApi.dll' (GetLastError=126)
LogWindows: File 'VtuneApi.dll' does not exist
LogWindows: Failed to load 'VtuneApi32e.dll' (GetLastError=126)
LogWindows: File 'VtuneApi32e.dll' does not exist
LogInit: Display: Running engine for game: out2
LogPlatformFile: Not using cached read wrapper
LogTaskGraph: Started task graph with 5 named threads and 23 total threads with 3 sets of task threads.
LogStats: Stats thread started at 0.295020
LogD3D11RHI: Loaded GFSDK_Aftermath_Lib.x64.dll
LogICUInternationalization: Display: ICU TimeZone Detection - Raw Offset: -7:00, Platform Override: ''
LogPluginManager: Mounting plugin Paper2D
LogPluginManager: Mounting plugin AISupport
LogPluginManager: Mounting plugin LightPropagationVolume
LogPluginManager: Mounting plugin CLionSourceCodeAccess
LogPluginManager: Mounting plugin CodeLiteSourceCodeAccess
LogPluginManager: Mounting plugin GitSourceControl
LogPluginManager: Mounting plugin KDevelopSourceCodeAccess
LogPluginManager: Mounting plugin NullSourceCodeAccess
LogPluginManager: Mounting plugin PerforceSourceControl
LogPluginManager: Mounting plugin SubversionSourceControl
LogPluginManager: Mounting plugin UObjectPlugin
LogPluginManager: Mounting plugin VisualStudioCodeSourceCodeAccess
LogPluginManager: Mounting plugin VisualStudioSourceCodeAccess
LogPluginManager: Mounting plugin XCodeSourceCodeAccess
LogPluginManager: Mounting plugin AssetManagerEditor
LogPluginManager: Mounting plugin CryptoKeys
LogPluginManager: Mounting plugin DataValidation
LogPluginManager: Mounting plugin FacialAnimation
LogPluginManager: Mounting plugin GameplayTagsEditor
LogPluginManager: Mounting plugin MacGraphicsSwitching
LogPluginManager: Mounting plugin MeshEditor
LogPluginManager: Mounting plugin MobileLauncherProfileWizard
LogPluginManager: Mounting plugin PluginBrowser
LogPluginManager: Mounting plugin SpeedTreeImporter
LogPluginManager: Mounting plugin DatasmithContent
LogPluginManager: Mounting plugin AlembicImporter
LogPluginManager: Mounting plugin AppleImageUtils
LogPluginManager: Mounting plugin AppleVision
LogPluginManager: Mounting plugin BackChannel
LogPluginManager: Mounting plugin CharacterAI
LogPluginManager: Mounting plugin GeometryCache
LogPluginManager: Mounting plugin HTML5Networking
LogPluginManager: Mounting plugin ProxyLODPlugin
LogPluginManager: Mounting plugin MagicLeap
LogPluginManager: Mounting plugin MagicLeapEmulator
LogPluginManager: Mounting plugin MagicLeapMedia
LogPluginManager: Mounting plugin AndroidMedia
LogPluginManager: Mounting plugin AvfMedia
LogPluginManager: Mounting plugin ImgMedia
LogPluginManager: Mounting plugin LinearTimecode
LogPluginManager: Mounting plugin MediaCompositing
LogPluginManager: Mounting plugin MediaPlayerEditor
LogPluginManager: Mounting plugin WmfMedia
LogPluginManager: Mounting plugin TcpMessaging
LogPluginManager: Mounting plugin UdpMessaging
LogPluginManager: Mounting plugin ActorSequence
LogPluginManager: Mounting plugin LevelSequenceEditor
LogPluginManager: Mounting plugin MatineeToLevelSequence
LogPluginManager: Mounting plugin NetcodeUnitTest
LogPluginManager: Mounting plugin NUTUnrealEngine4
LogPluginManager: Mounting plugin OnlineSubsystemGooglePlay
LogPluginManager: Mounting plugin OnlineSubsystemIOS
LogPluginManager: Mounting plugin OnlineSubsystem
LogPluginManager: Mounting plugin OnlineSubsystemNull
LogPluginManager: Mounting plugin OnlineSubsystemUtils
LogPluginManager: Mounting plugin LauncherChunkInstaller
LogPluginManager: Mounting plugin AndroidDeviceProfileSelector
LogPluginManager: Mounting plugin AndroidMoviePlayer
LogPluginManager: Mounting plugin AndroidPermission
LogPluginManager: Mounting plugin AppleMoviePlayer
LogPluginManager: Mounting plugin ArchVisCharacter
LogPluginManager: Mounting plugin AudioCapture
LogPluginManager: Mounting plugin CableComponent
LogPluginManager: Mounting plugin CustomMeshComponent
LogPluginManager: Mounting plugin EditableMesh
LogPluginManager: Mounting plugin ExampleDeviceProfileSelector
LogPluginManager: Mounting plugin GoogleCloudMessaging
LogPluginManager: Mounting plugin ImmediatePhysics
LogPluginManager: Mounting plugin IOSDeviceProfileSelector
LogPluginManager: Mounting plugin LinuxDeviceProfileSelector
LogPluginManager: Mounting plugin LocationServicesBPLibrary
LogPluginManager: Mounting plugin MobilePatchingUtils
LogPluginManager: Mounting plugin OculusVR
LogPluginManager: Plugin shader directory ../../../Engine/Plugins/Runtime/Oculus/OculusVR/Shaders found
LogPluginManager: Mapping shader source directory ../../../Engine/Plugins/Runtime/Oculus/OculusVR/Shaders to virtual directory /Plugin/OculusVR
LogPluginManager: Mounting plugin PhysXVehicles
LogPluginManager: Mounting plugin ProceduralMeshComponent
LogPluginManager: Mounting plugin RuntimePhysXCooking
LogPluginManager: Mounting plugin SteamVR
LogPluginManager: Mounting plugin WindowsMoviePlayer
LogStreaming: Display: Took  0.130s to configure plugins.
LogInit: Using libcurl 7.55.1-DEV
LogInit:  - built for x86_64-pc-win32
LogInit:  - supports SSL with OpenSSL/1.0.2h
LogInit:  - supports HTTP deflate (compression) using libz 1.2.8
LogInit:  - other features:
LogInit:      CURL_VERSION_SSL
LogInit:      CURL_VERSION_LIBZ
LogInit:      CURL_VERSION_IPV6
LogInit:      CURL_VERSION_ASYNCHDNS
LogInit:      CURL_VERSION_LARGEFILE
LogInit:      CURL_VERSION_IDN
LogInit:  CurlRequestOptions (configurable via config and command line):
LogInit:  - bVerifyPeer = false  - Libcurl will NOT verify peer certificate
LogInit:  - bUseHttpProxy = false  - Libcurl will NOT use HTTP proxy
LogInit:  - bDontReuseConnections = false  - Libcurl will reuse connections
LogInit:  - CertBundlePath = nullptr  - Libcurl will use whatever was configured at build time.
LogInit:  - MaxHostConnections = 16  - Libcurl will limit the number of connections to a host
LogInit:  - LocalHostAddr = Default
LogInit:  - BufferSize = 65536
LogInit: WinSock: version 1.1 (2.2), MaxSocks=32767, MaxUdp=65467
LogInit: Build: ++UE4+Release-4.20-CL-4302132
LogInit: Engine Version: 4.20.2-4302132+++UE4+Release-4.20
LogInit: Compatible Engine Version: 4.20.0-4212847+++UE4+Release-4.20
LogInit: Net CL: 4212847
LogInit: OS: Windows 10 (), CPU: Intel(R) Core(TM) i7-6700HQ CPU @ 2.60GHz, GPU: NVIDIA GeForce GTX 1060
LogInit: Compiled (64-bit): Aug 21 2018 02:06:06
LogInit: Compiled with Visual C++: 19.13.26129.00
LogInit: Build Configuration: Development
LogInit: Branch Name: ++UE4+Release-4.20
LogInit: Command Line: 
LogInit: Base Directory: D:/Program Files/Epic Games/UE_4.20/Engine/Binaries/Win64/
LogInit: Installed Engine Build: 1
LogDevObjectVersion: Number of dev versions registered: 20
LogDevObjectVersion:   Dev-Blueprints (B0D832E4-1F89-4F0D-ACCF-7EB736FD4AA2): 10
LogDevObjectVersion:   Dev-Build (E1C64328-A22C-4D53-A36C-8E866417BD8C): 0
LogDevObjectVersion:   Dev-Core (375EC13C-06E4-48FB-B500-84F0262A717E): 2
LogDevObjectVersion:   Dev-Editor (E4B068ED-F494-42E9-A231-DA0B2E46BB41): 24
LogDevObjectVersion:   Dev-Framework (CFFC743F-43B0-4480-9391-14DF171D2073): 34
LogDevObjectVersion:   Dev-Mobile (B02B49B5-BB20-44E9-A304-32B752E40360): 2
LogDevObjectVersion:   Dev-Networking (A4E4105C-59A1-49B5-A7C5-40C4547EDFEE): 0
LogDevObjectVersion:   Dev-Online (39C831C9-5AE6-47DC-9A44-9C173E1C8E7C): 0
LogDevObjectVersion:   Dev-Physics (78F01B33-EBEA-4F98-B9B4-84EACCB95AA2): 0
LogDevObjectVersion:   Dev-Platform (6631380F-2D4D-43E0-8009-CF276956A95A): 0
LogDevObjectVersion:   Dev-Rendering (12F88B9F-8875-4AFC-A67C-D90C383ABD29): 26
LogDevObjectVersion:   Dev-Sequencer (7B5AE74C-D270-4C10-A958-57980B212A5A): 9
LogDevObjectVersion:   Dev-VR (D7296918-1DD6-4BDD-9DE2-64A83CC13884): 2
LogDevObjectVersion:   Dev-LoadTimes (C2A15278-BFE7-4AFE-6C17-90FF531DF755): 1
LogDevObjectVersion:   Private-Geometry (6EACA3D4-40EC-4CC1-B786-8BED09428FC5): 3
LogDevObjectVersion:   Dev-AnimPhys (29E575DD-E0A3-4627-9D10-D276232CDCEA): 17
LogDevObjectVersion:   Dev-ReflectionCapture (6B266CEC-1EC7-4B8F-A30B-E4D90942FC07): 1
LogDevObjectVersion:   Dev-Automation (0DF73D61-A23F-47EA-B727-89E90C41499A): 1
LogDevObjectVersion:   FortniteMain (601D1886-AC64-4F84-AA16-D3DE0DEAC7D6): 12
LogDevObjectVersion:   Dev-Enterprise (9DFFBCD6-494F-0158-E221-12823C92A888): 1
LogStreaming: Display: Took  0.002s to delete old logs.
LogInit: Presizing for max 8388607 objects, including 0 objects not considered by GC, pre-allocating 0 bytes for permanent pool.
LogInit: Object subsystem initialized
[2018.10.15-08.04.11:726][  0]LogInit: Selected Device Profile: [Windows]
[2018.10.15-08.04.11:727][  0]LogInit: Applying CVar settings loaded from the selected device profile: [Windows]
[2018.10.15-08.04.11:736][  0]LogHAL: Display: Platform has ~ 8 GB [8293462016 / 8589934592 / 8], which maps to Default [LargestMinGB=32, LargerMinGB=12, DefaultMinGB=8, SmallerMinGB=6, SmallestMinGB=0)
[2018.10.15-08.04.11:736][  0]LogInit: Setting Device Profile CVar: [[r.Vulkan.UseRealUBs:1]]
[2018.10.15-08.04.11:736][  0]LogInit: Going up to parent DeviceProfile []
[2018.10.15-08.04.11:736][  0]LogInit: Computer: DESKTOP-HNPEJEI
[2018.10.15-08.04.11:736][  0]LogInit: User: ziyul
[2018.10.15-08.04.11:736][  0]LogInit: CPU Page size=4096, Cores=4
[2018.10.15-08.04.11:736][  0]LogInit: High frequency timer resolution =2.531248 MHz
[2018.10.15-08.04.11:736][  0]LogMemory: Memory total: Physical=7.7GB (8GB approx)
[2018.10.15-08.04.11:736][  0]LogMemory: Platform Memory Stats for Windows
[2018.10.15-08.04.11:736][  0]LogMemory: Process Physical Memory: 99.55 MB used, 99.55 MB peak
[2018.10.15-08.04.11:736][  0]LogMemory: Process Virtual Memory: 90.89 MB used, 90.89 MB peak
[2018.10.15-08.04.11:736][  0]LogMemory: Physical Memory: 3991.59 MB used,  3917.68 MB free, 7909.26 MB total
[2018.10.15-08.04.11:736][  0]LogMemory: Virtual Memory: 4645.04 MB used,  3917.68 MB free, 134217728.00 MB total
[2018.10.15-08.04.11:775][  0]LogInit: Using OS detected language (zh-CN).
[2018.10.15-08.04.11:775][  0]LogInit: Using OS detected locale (zh-CN).
[2018.10.15-08.04.12:103][  0]LogStreaming: Display: Took  0.328s to InitEngineTextLocalization.
[2018.10.15-08.04.12:103][  0]LogInit: Setting process to per monitor DPI aware
[2018.10.15-08.04.12:175][  0]LogSlate: New Slate User Created.  User Index 0, Is Virtual User: 0
[2018.10.15-08.04.12:175][  0]LogSlate: Slate User Registered.  User Index 0, Is Virtual User: 0
[2018.10.15-08.04.12:502][  0]LogHMD: Failed to initialize OpenVR with code 110
[2018.10.15-08.04.12:502][  0]LogD3D11RHI: D3D11 adapters:
[2018.10.15-08.04.12:588][  0]LogD3D11RHI:    0. 'NVIDIA GeForce GTX 1060' (Feature Level 11_0)
[2018.10.15-08.04.12:588][  0]LogD3D11RHI:       6061/0/3954 MB DedicatedVideo/DedicatedSystem/SharedSystem, Outputs:1, VendorId:0x10de
[2018.10.15-08.04.13:115][  0]LogD3D11RHI:    1. 'Intel(R) HD Graphics 530' (Feature Level 11_0)
[2018.10.15-08.04.13:115][  0]LogD3D11RHI:       128/0/3954 MB DedicatedVideo/DedicatedSystem/SharedSystem, Outputs:0, VendorId:0x8086
[2018.10.15-08.04.13:118][  0]LogD3D11RHI:    2. 'Microsoft Basic Render Driver' (Feature Level 11_0)
[2018.10.15-08.04.13:118][  0]LogD3D11RHI:       0/0/3954 MB DedicatedVideo/DedicatedSystem/SharedSystem, Outputs:0, VendorId:0x1414
[2018.10.15-08.04.13:118][  0]LogD3D11RHI: Chosen D3D11 Adapter: 0
[2018.10.15-08.04.13:165][  0]LogD3D11RHI: Creating new Direct3DDevice
[2018.10.15-08.04.13:165][  0]LogD3D11RHI:     GPU DeviceId: 0x1c20 (for the marketing name, search the web for "GPU Device Id")
[2018.10.15-08.04.13:165][  0]LogWindows: EnumDisplayDevices:
[2018.10.15-08.04.13:165][  0]LogWindows:    0. 'Intel(R) HD Graphics 530' (P:0 D:0)
[2018.10.15-08.04.13:167][  0]LogWindows:    1. 'Intel(R) HD Graphics 530' (P:0 D:0)
[2018.10.15-08.04.13:169][  0]LogWindows:    2. 'Intel(R) HD Graphics 530' (P:0 D:0)
[2018.10.15-08.04.13:170][  0]LogWindows:    3. 'NVIDIA GeForce GTX 1060' (P:1 D:1)
[2018.10.15-08.04.13:171][  0]LogWindows:    4. 'NVIDIA GeForce GTX 1060' (P:0 D:0)
[2018.10.15-08.04.13:173][  0]LogWindows:    5. 'NVIDIA GeForce GTX 1060' (P:0 D:0)
[2018.10.15-08.04.13:174][  0]LogWindows:    6. 'NVIDIA GeForce GTX 1060' (P:0 D:0)
[2018.10.15-08.04.13:175][  0]LogWindows: DebugString: PrimaryIsNotTheChoosenAdapter PrimaryIsNotTheChoosenAdapter PrimaryIsNotTheChoosenAdapter FoundDriverCount:4 
[2018.10.15-08.04.13:175][  0]LogD3D11RHI:     Adapter Name: NVIDIA GeForce GTX 1060
[2018.10.15-08.04.13:175][  0]LogD3D11RHI:   Driver Version: 388.00 (internal:23.21.13.8800, unified:388.00)
[2018.10.15-08.04.13:175][  0]LogD3D11RHI:      Driver Date: 10-12-2017
[2018.10.15-08.04.13:175][  0]LogRHI: Texture pool is 4242 MB (70% of 6061 MB)
[2018.10.15-08.04.13:211][  0]LogD3D11RHI: Async texture creation enabled
[2018.10.15-08.04.13:223][  0]LogD3D11RHI: GPU Timing Frequency: 1000.000000 (Debug: 2 1)
[2018.10.15-08.04.13:275][  0]LogShaderCompilers: Guid format shader working directory is 10 characters bigger than the processId version (C:/Users/ziyul/Desktop/eae3010/out2/Intermediate/Shaders/WorkingDirectory/14860/).
[2018.10.15-08.04.13:275][  0]LogShaderCompilers: Cleaned the shader compiler working directory 'C:/Users/ziyul/AppData/Local/Temp/UnrealShaderWorkingDir/B88D1D474038FED377EED6A610238101/'.
[2018.10.15-08.04.13:718][  0]LogTemp: Display: Loaded TP AllDesktopTargetPlatform
[2018.10.15-08.04.13:731][  0]LogTemp: Display: Loaded TP MacClientTargetPlatform
[2018.10.15-08.04.13:744][  0]LogTemp: Display: Loaded TP MacNoEditorTargetPlatform
[2018.10.15-08.04.13:758][  0]LogTemp: Display: Loaded TP MacServerTargetPlatform
[2018.10.15-08.04.13:770][  0]LogTemp: Display: Loaded TP MacTargetPlatform
[2018.10.15-08.04.13:785][  0]LogTemp: Display: Loaded TP WindowsClientTargetPlatform
[2018.10.15-08.04.13:799][  0]LogTemp: Display: Loaded TP WindowsNoEditorTargetPlatform
[2018.10.15-08.04.13:814][  0]LogTemp: Display: Loaded TP WindowsServerTargetPlatform
[2018.10.15-08.04.13:822][  0]LogTemp: Display: Loaded TP WindowsTargetPlatform
[2018.10.15-08.04.13:922][  0]LogTemp: Display: Loaded TP AndroidTargetPlatform
[2018.10.15-08.04.13:922][  0]LogTemp: Display: Loaded TP AndroidTargetPlatform
[2018.10.15-08.04.13:922][  0]LogTemp: Display: Loaded TP AndroidTargetPlatform
[2018.10.15-08.04.13:922][  0]LogTemp: Display: Loaded TP AndroidTargetPlatform
[2018.10.15-08.04.13:922][  0]LogTemp: Display: Loaded TP AndroidTargetPlatform
[2018.10.15-08.04.13:922][  0]LogTemp: Display: Loaded TP AndroidTargetPlatform
[2018.10.15-08.04.13:922][  0]LogTemp: Display: Loaded TP AndroidTargetPlatform
[2018.10.15-08.04.13:922][  0]LogTemp: Display: Loaded TP AndroidTargetPlatform
[2018.10.15-08.04.13:922][  0]LogTemp: Display: Loaded TP AndroidTargetPlatform
[2018.10.15-08.04.13:922][  0]LogTemp: Display: Loaded TP AndroidTargetPlatform
[2018.10.15-08.04.13:922][  0]LogTemp: Display: Loaded TP AndroidTargetPlatform
[2018.10.15-08.04.13:922][  0]LogTemp: Display: Loaded TP AndroidTargetPlatform
[2018.10.15-08.04.13:922][  0]LogTemp: Display: Loaded TP AndroidTargetPlatform
[2018.10.15-08.04.13:922][  0]LogTemp: Display: Loaded TP AndroidTargetPlatform
[2018.10.15-08.04.13:922][  0]LogTemp: Display: Loaded TP AndroidTargetPlatform
[2018.10.15-08.04.13:922][  0]LogTemp: Display: Loaded TP AndroidTargetPlatform
[2018.10.15-08.04.13:922][  0]LogTemp: Display: Loaded TP AndroidTargetPlatform
[2018.10.15-08.04.13:922][  0]LogTemp: Display: Loaded TP AndroidTargetPlatform
[2018.10.15-08.04.13:924][  0]LogTemp: Display: Loaded TP HTML5TargetPlatform
[2018.10.15-08.04.13:989][  0]LogTemp: Display: Loaded TP IOSTargetPlatform
[2018.10.15-08.04.13:989][  0]LogTemp: Display: Loaded TP IOSTargetPlatform
[2018.10.15-08.04.14:018][  0]LogTemp: Display: Loaded TP TVOSTargetPlatform
[2018.10.15-08.04.14:018][  0]LogTemp: Display: Loaded TP TVOSTargetPlatform
[2018.10.15-08.04.14:031][  0]LogTemp: Display: Loaded TP LinuxClientTargetPlatform
[2018.10.15-08.04.14:045][  0]LogTemp: Display: Loaded TP LinuxNoEditorTargetPlatform
[2018.10.15-08.04.14:060][  0]LogTemp: Display: Loaded TP LinuxServerTargetPlatform
[2018.10.15-08.04.14:075][  0]LogTemp: Display: Loaded TP LinuxTargetPlatform
[2018.10.15-08.04.14:084][  0]LogTemp: Display: Loaded TP LuminTargetPlatform
[2018.10.15-08.04.14:084][  0]LogTargetPlatformManager: Display: Building Assets For Windows
[2018.10.15-08.04.14:150][  0]LogXGEController: Cannot use XGE Controller as Incredibuild is not installed on this machine.
[2018.10.15-08.04.14:150][  0]LogShaderCompilers: Cannot use XGE Shader Compiler as Incredibuild is not installed on this machine.
[2018.10.15-08.04.14:150][  0]LogShaderCompilers: Display: Using Local Shader Compiler.
[2018.10.15-08.04.14:867][  0]LogDerivedDataCache: Display: Max Cache Size: 512 MB
[2018.10.15-08.04.14:943][  0]LogDerivedDataCache: Loaded boot cache 0.08s 71MB C:/Users/ziyul/AppData/Local/UnrealEngine/4.20/DerivedDataCache/Boot.ddc.
[2018.10.15-08.04.14:943][  0]LogDerivedDataCache: Display: Loaded Boot cache: C:/Users/ziyul/AppData/Local/UnrealEngine/4.20/DerivedDataCache/Boot.ddc
[2018.10.15-08.04.14:943][  0]LogDerivedDataCache: FDerivedDataBackendGraph:  Pak pak cache file C:/Users/ziyul/Desktop/eae3010/out2/DerivedDataCache/DDC.ddp not found, will not use a pak cache.
[2018.10.15-08.04.14:943][  0]LogDerivedDataCache: Unable to find inner node Pak for hierarchical cache Hierarchy.
[2018.10.15-08.04.14:943][  0]LogDerivedDataCache: FDerivedDataBackendGraph:  CompressedPak pak cache file C:/Users/ziyul/Desktop/eae3010/out2/DerivedDataCache/Compressed.ddp not found, will not use a pak cache.
[2018.10.15-08.04.14:944][  0]LogDerivedDataCache: Unable to find inner node CompressedPak for hierarchical cache Hierarchy.
[2018.10.15-08.04.14:959][  0]LogDerivedDataCache: Display: Pak cache opened for reading ../../../Engine/DerivedDataCache/Compressed.ddp.
[2018.10.15-08.04.14:972][  0]LogDerivedDataCache: Using Local data cache path C:/Users/ziyul/AppData/Local/UnrealEngine/Common/DerivedDataCache: Writable
[2018.10.15-08.04.14:972][  0]LogDerivedDataCache: Shared data cache path not found in *engine.ini, will not use an Shared cache.
[2018.10.15-08.04.14:972][  0]LogDerivedDataCache: Unable to find inner node Shared for hierarchical cache Hierarchy.
[2018.10.15-08.04.14:995][  0]LogMaterial: Verifying Global Shaders for PCD3D_SM5
[2018.10.15-08.04.14:997][  0]LogSlate: Using FreeType 2.6.0
[2018.10.15-08.04.14:997][  0]LogSlate: SlateFontServices - WITH_FREETYPE: 1, WITH_HARFBUZZ: 1
[2018.10.15-08.04.15:085][  0]LogAssetRegistry: FAssetRegistry took 0.0267 seconds to start up
[2018.10.15-08.04.15:490][  0]LogInit: Selected Device Profile: [Windows]
[2018.10.15-08.04.15:657][  0]LogSimplygon: Simplygon DLL not present - disabling.
[2018.10.15-08.04.15:661][  0]LogMeshReduction: Using SimplygonSwarm for distributed automatic mesh merging
[2018.10.15-08.04.15:661][  0]LogMeshReduction: Using ProxyLODMeshReduction for automatic mesh merging
[2018.10.15-08.04.15:661][  0]LogMeshReduction: Using QuadricMeshReduction for automatic static mesh reduction
[2018.10.15-08.04.15:661][  0]LogMeshReduction: No automatic skeletal mesh reduction module available
[2018.10.15-08.04.15:689][  0]LogUObjectGlobals: Warning: 寻找对象'Texture2D /Engine/EngineResources/Black.Black'失败
[2018.10.15-08.04.15:689][  0]Error: CDO Constructor (Console): Failed to find /Engine/EngineResources/Black

[2018.10.15-08.04.15:695][  0]LogNetVersion: out2 1.0.0, NetCL: 4212847, EngineNetVer: 5, GameNetVer: 0 (Checksum: 3125835456)
[2018.10.15-08.04.16:212][  0]LogUObjectBase: Warning: -------------- Default Property warnings and errors:
[2018.10.15-08.04.16:212][  0]LogUObjectBase: Warning: Error: CDO Constructor (Console): Failed to find /Engine/EngineResources/Black

[2018.10.15-08.04.16:230][  0]LogWindowsTextInputMethodSystem: Display: IME system now activated using TSF (微软拼音).
[2018.10.15-08.04.17:808][  0]LogWindowsTextInputMethodSystem: Display: IME system now activated using TSF (微软拼音).
[2018.10.15-08.04.17:810][  0]LogWindowsTextInputMethodSystem: Display: IME system now activated using TSF (微软拼音).
[2018.10.15-08.04.18:022][  0]LogPackageLocalizationCache: Processed 11 localized package path(s) for 4 prioritized culture(s) in 0.209553 seconds
[2018.10.15-08.04.18:029][  0]LogUObjectArray: 38422 objects as part of root set at end of initial load.
[2018.10.15-08.04.18:029][  0]LogUObjectAllocator: 6689872 out of 0 bytes used by permanent object pool.
[2018.10.15-08.04.18:029][  0]LogUObjectArray: CloseDisregardForGC: 0/0 objects in disregard for GC pool
[2018.10.15-08.04.19:030][  0]LogTcpMessaging: Initializing TcpMessaging bridge
[2018.10.15-08.04.19:044][  0]LogUdpMessaging: Initializing bridge on interface 0.0.0.0:0 to multicast group 230.0.0.1:6666.
[2018.10.15-08.04.19:208][  0]SourceControl: 源码控制已禁用
[2018.10.15-08.04.19:208][  0]SourceControl: 源码控制已禁用
[2018.10.15-08.04.19:209][  0]SourceControl: 源码控制已禁用
[2018.10.15-08.04.19:211][  0]SourceControl: 源码控制已禁用
[2018.10.15-08.04.19:394][  0]LogAndroidPermission: UAndroidPermissionCallbackProxy::GetInstance
[2018.10.15-08.04.19:592][  0]LogOcInput: OculusInput pre-init called
[2018.10.15-08.04.19:654][  0]LogEngine: Initializing Engine...
[2018.10.15-08.04.19:655][  0]LogHMD: Failed to initialize OpenVR with code 110
[2018.10.15-08.04.19:657][  0]LogStats: UGameplayTagsManager::ConstructGameplayTagTree: ImportINI prefixes -  0.000 s
[2018.10.15-08.04.19:657][  0]LogStats: UGameplayTagsManager::ConstructGameplayTagTree: Construct from data asset -  0.000 s
[2018.10.15-08.04.19:657][  0]LogStats: UGameplayTagsManager::ConstructGameplayTagTree: ImportINI -  0.000 s
[2018.10.15-08.04.19:657][  0]LogStats: UGameplayTagsManager::ConstructGameplayTagTree: GameplayTagTreeChangedEvent.Broadcast -  0.000 s
[2018.10.15-08.04.19:896][  0]LogInit: Initializing FReadOnlyCVARCache
[2018.10.15-08.04.19:910][  0]LogAIModule: Creating AISystem for world Untitled
[2018.10.15-08.04.19:955][  0]LogInit: XAudio2 using '扬声器 (Realtek High Definition Audio)' : 2 channels at 48 kHz using 32 bits per sample (channel mask 0x3)
[2018.10.15-08.04.20:085][  0]LogInit: FAudioDevice initialized.
[2018.10.15-08.04.20:086][  0]LogNetVersion: Set ProjectVersion to 1.0.0.0. Version Checksum will be recalculated on next use.
[2018.10.15-08.04.20:187][  0]LogDerivedDataCache: Saved boot cache 0.10s 71MB C:/Users/ziyul/AppData/Local/UnrealEngine/4.20/DerivedDataCache/Boot.ddc.
[2018.10.15-08.04.20:187][  0]LogInit: Texture streaming: Enabled
[2018.10.15-08.04.20:209][  0]LogEngineSessionManager: EngineSessionManager initialized
[2018.10.15-08.04.20:222][  0]LogInit: Transaction tracking system initialized
[2018.10.15-08.04.20:244][  0]BlueprintLog: New page: 编辑器加载
[2018.10.15-08.04.20:320][  0]LocalizationService: 本地化服务已被禁用
[2018.10.15-08.04.20:644][  0]LogCook: Display: Max memory allowance for cook 16384mb min free memory 0mb
[2018.10.15-08.04.20:644][  0]LogCook: Display: Mobile HDR setting 1
[2018.10.15-08.04.20:644][  0]LogGameplayTags: Display: UGameplayTagsManager::DoneAddingNativeTags. DelegateIsBound: 0
[2018.10.15-08.04.20:644][  0]LogStats: UGameplayTagsManager::ConstructGameplayTagTree: ImportINI prefixes -  0.000 s
[2018.10.15-08.04.20:644][  0]LogStats: UGameplayTagsManager::ConstructGameplayTagTree: Construct from data asset -  0.000 s
[2018.10.15-08.04.20:644][  0]LogStats: UGameplayTagsManager::ConstructGameplayTagTree: ImportINI -  0.000 s
[2018.10.15-08.04.20:644][  0]LogStats: UGameplayTagsManager::ConstructGameplayTagTree: GameplayTagTreeChangedEvent.Broadcast -  0.000 s
[2018.10.15-08.04.20:765][  0]LogFileCache: Scanning file cache for directory 'C:/Users/ziyul/Desktop/eae3010/out2/Content/' took 0.01s
[2018.10.15-08.04.20:765][  0]SourceControl: 源码控制已禁用
[2018.10.15-08.04.20:765][  0]Cmd: MAP LOAD FILE="../../../Engine/Content/Maps/Templates/Template_Default.umap" TEMPLATE=1 SHOWPROGRESS=1 FEATURELEVEL=3
[2018.10.15-08.04.20:765][  0]LightingResults: New page: 光照构建
[2018.10.15-08.04.20:768][  0]MapCheck: New page: 地图检测
[2018.10.15-08.04.20:768][  0]LightingResults: New page: 光照构建
[2018.10.15-08.04.20:993][  0]LogAIModule: Creating AISystem for world Untitled_1
[2018.10.15-08.04.21:002][  0]LogEditorServer: Finished looking for orphan Actors (0.000 secs)
[2018.10.15-08.04.21:028][  0]Cmd: MAP CHECKDEP NOCLEARLOG
[2018.10.15-08.04.21:096][  0]MapCheck: 地图检测完成：0个错误，0 个警告，用时67.85毫秒完成。
[2018.10.15-08.04.21:097][  0]LogFileHelpers: Loading map 'Template_Default' took 0.331
[2018.10.15-08.04.21:217][  0]LogSlate: Updating window title bar state: overlay mode, drag disabled, window buttons hidden, title bar hidden
[2018.10.15-08.04.21:227][  0]LogSlate: Updating window title bar state: overlay mode, drag disabled, window buttons hidden, title bar hidden
[2018.10.15-08.04.21:234][  0]LogSlate: Updating window title bar state: overlay mode, drag disabled, window buttons hidden, title bar hidden
[2018.10.15-08.04.21:243][  0]LogSlate: Updating window title bar state: overlay mode, drag disabled, window buttons hidden, title bar hidden
[2018.10.15-08.04.21:248][  0]LogCollectionManager: Loaded 0 collections in 0.001159 seconds
[2018.10.15-08.04.21:304][  0]LogFileCache: Scanning file cache for directory 'C:/Users/ziyul/Desktop/eae3010/out2/Saved/Collections/' took 0.01s
[2018.10.15-08.04.21:304][  0]LogFileCache: Scanning file cache for directory 'C:/Users/ziyul/Desktop/eae3010/out2/Content/Developers/ziyul/Collections/' took 0.01s
[2018.10.15-08.04.21:304][  0]LogFileCache: Scanning file cache for directory 'C:/Users/ziyul/Desktop/eae3010/out2/Content/Collections/' took 0.01s
[2018.10.15-08.04.21:304][  0]LogCollectionManager: Rebuilt the GUID cache for 0 collections in 0.000000 seconds
[2018.10.15-08.04.21:314][  0]LogContentBrowser: Native class hierarchy populated in 0.0100 seconds. Added 2572 classes and 603 folders.
[2018.10.15-08.04.21:320][  0]LogContentBrowser: Native class hierarchy updated for 'WidgetCarousel' in 0.0002 seconds. Added 0 classes and 0 folders.
[2018.10.15-08.04.21:377][  0]LogContentBrowser: Native class hierarchy updated for 'AddContentDialog' in 0.0003 seconds. Added 0 classes and 0 folders.
[2018.10.15-08.04.21:381][  0]LogContentBrowser: Native class hierarchy updated for 'SceneOutliner' in 0.0003 seconds. Added 1 classes and 2 folders.
[2018.10.15-08.04.21:425][  0]LogContentBrowser: Native class hierarchy updated for 'HierarchicalLODOutliner' in 0.0004 seconds. Added 0 classes and 0 folders.
[2018.10.15-08.04.21:425][  0]LogLoad: (Engine Initialization) Total time: 11.75 seconds
[2018.10.15-08.04.21:425][  0]LogLoad: (Engine Initialization) Total Blueprint compile time: 0.00 seconds
[2018.10.15-08.04.21:472][  0]LogContentStreaming: Texture pool size now 1000 MB
[2018.10.15-08.04.21:476][  0]LogSlate: Took 0.000198 seconds to synchronously load lazily loaded font '../../../Engine/Content/Slate/Fonts/Roboto-Regular.ttf' (155K)
[2018.10.15-08.04.21:481][  0]LogSlate: Took 0.003200 seconds to synchronously load lazily loaded font '../../../Engine/Content/Slate/Fonts/DroidSansFallback.ttf' (3848K)
[2018.10.15-08.04.21:482][  0]LogSlate: Took 0.000289 seconds to synchronously load lazily loaded font '../../../Engine/Content/Slate/Fonts/Roboto-Bold.ttf' (160K)
[2018.10.15-08.04.21:486][  0]LogSlate: Took 0.000289 seconds to synchronously load lazily loaded font '../../../Engine/Content/Editor/Slate/Fonts/FontAwesome.ttf' (139K)
[2018.10.15-08.04.21:620][  0]LogSlate: Took 0.000240 seconds to synchronously load lazily loaded font '../../../Engine/Content/Slate/Fonts/Roboto-Light.ttf' (167K)
[2018.10.15-08.04.21:641][  1]LogRenderer: Reallocating scene render targets to support 804x360 Format 10 NumSamples 1 (Frame:1).
[2018.10.15-08.04.21:755][  2]LogAssetRegistry: Asset discovery search completed in 6.6918 seconds
[2018.10.15-08.04.21:807][  2]LogCollectionManager: Rebuilt the object cache for 0 collections in 0.000000 seconds (found 0 objects)
[2018.10.15-08.04.21:807][  2]LogCollectionManager: Fixed up redirectors for 0 collections in 0.000184 seconds (updated 0 objects)
[2018.10.15-08.04.32:777][608]LogSlate: FSceneViewport::OnFocusLost() reason 0
[2018.10.15-08.04.37:300][ 23]LogSlate: Window 'Delete Assets' being destroyed
[2018.10.15-08.04.37:329][ 23]LogSlate: Took 0.000215 seconds to synchronously load lazily loaded font '../../../Engine/Content/Slate/Fonts/Roboto-Light.ttf' (167K)
[2018.10.15-08.04.39:389][238]LogActorFactory: Actor Factory created castle
[2018.10.15-08.04.39:394][238]LogActorFactory: Actor Factory created f1_pitstop
[2018.10.15-08.04.39:398][238]LogActorFactory: Actor Factory created Stadium
[2018.10.15-08.04.39:570][252]LogActorFactory: Actor Factory created castle
[2018.10.15-08.04.39:597][252]LogActorFactory: Actor Factory created f1_pitstop
[2018.10.15-08.04.39:620][252]LogActorFactory: Actor Factory created Stadium
[2018.10.15-08.04.40:795][381]LogEditorViewport: Clicking on Actor (LMB): StaticMeshActor (Floor)
[2018.10.15-08.04.41:206][423]LogEditorViewport: Clicking on Actor (LMB): StaticMeshActor (castle)
[2018.10.15-08.04.43:739][713]LogEditorViewport: Clicking on Actor (LMB): StaticMeshActor (f1_pitstop)
[2018.10.15-08.04.46:285][  4]LogEditorViewport: Clicking on Actor (LMB): StaticMeshActor (Stadium)
[2018.10.15-08.04.53:236][806]LogSlate: FSceneViewport::OnFocusLost() reason 0
[2018.10.15-08.04.58:584][410]LogSlate: FSceneViewport::OnFocusLost() reason 0
[2018.10.15-08.04.59:295][480]LogMaterial: Warning: Material /Game/WoodTexture004paint_Mat.WoodTexture004paint_Mat needed to have new flag set bUsedWithStaticLighting !
[2018.10.15-08.04.59:302][480]LogMaterial: Display: Missing cached shader map for material WoodTexture004paint_Mat, compiling. 
[2018.10.15-08.04.59:477][480]LogShaderCompilers: Display: Shaders left to compile 31
[2018.10.15-08.04.59:478][480]LogShaderCompilers: Display: Shaders left to compile 21
[2018.10.15-08.04.59:478][480]LogShaderCompilers: Display: Shaders left to compile 11
[2018.10.15-08.04.59:478][480]LogShaderCompilers: Display: Shaders left to compile 1
[2018.10.15-08.05.02:994][849]LogEditorViewport: Clicking on Actor (LMB): StaticMeshActor (Floor)
[2018.10.15-08.05.04:404][949]Cmd: TRANSACTION UNDO
[2018.10.15-08.05.04:404][949]LogEditorTransaction: Undo 点击Actor
[2018.10.15-08.05.05:334][ 15]Cmd: TRANSACTION UNDO
[2018.10.15-08.05.05:334][ 15]LogEditorTransaction: Undo 创建Actors
[2018.10.15-08.05.06:297][112]LogSlate: FSceneViewport::OnFocusLost() reason 0
[2018.10.15-08.05.14:479][ 57]LogSlate: FSceneViewport::OnFocusLost() reason 0
[2018.10.15-08.05.22:186][882]LogSlate: FSceneViewport::OnFocusLost() reason 0
[2018.10.15-08.05.24:248][ 97]LogSlate: FSceneViewport::OnFocusLost() reason 0
[2018.10.15-08.05.26:298][328]LogSlate: FSceneViewport::OnFocusLost() reason 0
[2018.10.15-08.05.28:536][566]LogSlate: FSceneViewport::OnFocusLost() reason 0
[2018.10.15-08.05.29:640][680]LogSlate: FSceneViewport::OnFocusLost() reason 0
[2018.10.15-08.05.34:203][207]LogEditorViewport: Clicking on Actor (LMB): StaticMeshActor (Stadium)
[2018.10.15-08.05.36:472][465]LogEditorViewport: Clicking on Actor (LMB): StaticMeshActor (Floor)
[2018.10.15-08.05.37:307][560]Cmd: DELETE
[2018.10.15-08.05.37:307][560]Cmd: ACTOR DELETE
[2018.10.15-08.05.37:310][560]LogEditorActor: Deleted Actor: StaticMeshActor
[2018.10.15-08.05.37:332][560]LogEditorActor: Deleted 1 Actors (0.026 secs)
[2018.10.15-08.05.43:066][241]LogEditorViewport: Clicking on Actor (LMB): DirectionalLight (DirectionalLight)
[2018.10.15-08.05.45:394][512]LogSlate: FSceneViewport::OnFocusLost() reason 0
[2018.10.15-08.05.53:151][374]LogSlate: FSceneViewport::OnFocusLost() reason 0
[2018.10.15-08.05.53:294][385]LogRenderer: Reallocating scene render targets to support 1208x576 Format 10 NumSamples 1 (Frame:8796).
[2018.10.15-08.06.09:932][698]LogAssetEditorManager: Opening Asset editor for Material /Game/WoodTexture004_Mat.WoodTexture004_Mat
[2018.10.15-08.06.10:040][698]LogMaterial: Display: Missing cached shader map for material WoodTexture004_Mat, compiling. 
[2018.10.15-08.06.11:179][698]LogMaterial: Display: Missing cached shader map for material WoodTexture004_Mat, compiling. 
[2018.10.15-08.06.11:199][698]LogMaterial: Display: Missing cached shader map for material WoodTexture004_Mat, compiling. 
[2018.10.15-08.06.11:218][698]LogShaderCompilers: Display: Shaders left to compile 21
[2018.10.15-08.06.11:218][698]LogShaderCompilers: Display: Shaders left to compile 20
[2018.10.15-08.06.11:218][698]LogShaderCompilers: Display: Shaders left to compile 19
[2018.10.15-08.06.11:218][698]LogShaderCompilers: Display: Shaders left to compile 18
[2018.10.15-08.06.11:246][698]LogMaterial: Display: Missing cached shader map for material FMatExpressionPreview MaterialExpressionTextureSample_0, compiling. 
[2018.10.15-08.06.11:256][698]LogMaterial: Display: Missing cached shader map for material FMatExpressionPreview MaterialExpressionVectorParameter_0, compiling. 
[2018.10.15-08.06.11:311][698]LogSlate: Took 0.012453 seconds to synchronously load lazily loaded font '../../../Engine/Content/Slate/Fonts/Roboto-BoldCondensed.ttf' (158K)
[2018.10.15-08.06.11:886][698]LogShaderCompilers: Display: Shaders left to compile 21
[2018.10.15-08.06.11:975][700]LogShaderCompilers: Display: Shaders left to compile 20
[2018.10.15-08.06.11:975][700]LogShaderCompilers: Display: Shaders left to compile 19
[2018.10.15-08.06.11:975][700]LogShaderCompilers: Display: Shaders left to compile 18
[2018.10.15-08.06.12:024][701]LogSlate: Took 0.017624 seconds to synchronously load lazily loaded font '../../../Engine/Content/Slate/Fonts/Roboto-Italic.ttf' (157K)
[2018.10.15-08.06.12:095][704]LogShaderCompilers: Display: Shaders left to compile 17
[2018.10.15-08.06.12:138][706]LogShaderCompilers: Display: Shaders left to compile 16
[2018.10.15-08.06.12:171][708]LogShaderCompilers: Display: Shaders left to compile 15
[2018.10.15-08.06.12:190][709]LogShaderCompilers: Display: Shaders left to compile 14
[2018.10.15-08.06.12:317][718]LogShaderCompilers: Display: Shaders left to compile 13
[2018.10.15-08.06.12:545][726]LogShaderCompilers: Display: Shaders left to compile 12
[2018.10.15-08.06.12:744][735]LogShaderCompilers: Display: Shaders left to compile 11
[2018.10.15-08.06.12:818][739]LogShaderCompilers: Display: Shaders left to compile 10
[2018.10.15-08.06.12:940][745]LogShaderCompilers: Display: Shaders left to compile 9
[2018.10.15-08.06.13:110][753]LogShaderCompilers: Display: Shaders left to compile 8
[2018.10.15-08.06.13:197][757]LogShaderCompilers: Display: Shaders left to compile 7
[2018.10.15-08.06.13:460][770]LogShaderCompilers: Display: Shaders left to compile 6
[2018.10.15-08.06.13:482][771]LogShaderCompilers: Display: Shaders left to compile 5
[2018.10.15-08.06.13:589][778]LogShaderCompilers: Display: Shaders left to compile 4
[2018.10.15-08.06.13:728][785]LogShaderCompilers: Display: Shaders left to compile 3
[2018.10.15-08.06.13:830][790]LogShaderCompilers: Display: Shaders left to compile 2
[2018.10.15-08.06.14:026][799]LogShaderCompilers: Display: Shaders left to compile 1
[2018.10.15-08.06.14:028][799]MaterialEditorStats: Base pass shader: 105 instructions
[2018.10.15-08.06.14:028][799]MaterialEditorStats: Base pass shader with Volumetric Lightmap: 179 instructions
[2018.10.15-08.06.14:028][799]MaterialEditorStats: Base pass vertex shader: 36 instructions
[2018.10.15-08.06.14:028][799]MaterialEditorStats: Texture samplers: 4/16
[2018.10.15-08.06.14:028][799]MaterialEditorStats: Texture Lookups (Est.): VS(0), PS(1)
[2018.10.15-08.06.14:028][799]MaterialEditorStats: User interpolators: 2/4 Scalars (1/4 Vectors) (TexCoords: 2, Custom: 0)
[2018.10.15-08.06.58:968][929]LogSlate: Window 'WoodTexture004_Mat' being destroyed
[2018.10.15-08.06.58:976][929]LogSlate: Window 'WoodTexture004_Mat' being destroyed
[2018.10.15-08.07.01:348][929]LogAssetEditorManager: Opening Asset editor for Material /Game/WoodTexture004Norm_Mat.WoodTexture004Norm_Mat
[2018.10.15-08.07.01:353][929]LogMaterial: Display: Missing cached shader map for material WoodTexture004Norm_Mat, compiling. 
[2018.10.15-08.07.01:470][929]LogMaterial: Display: Missing cached shader map for material WoodTexture004Norm_Mat, compiling. 
[2018.10.15-08.07.01:491][929]LogMaterial: Display: Missing cached shader map for material WoodTexture004Norm_Mat, compiling. 
[2018.10.15-08.07.01:525][929]LogShaderCompilers: Display: Shaders left to compile 21
[2018.10.15-08.07.01:525][929]LogShaderCompilers: Display: Shaders left to compile 20
[2018.10.15-08.07.01:525][929]LogShaderCompilers: Display: Shaders left to compile 19
[2018.10.15-08.07.01:525][929]LogShaderCompilers: Display: Shaders left to compile 18
[2018.10.15-08.07.01:539][929]LogMaterial: Display: Missing cached shader map for material FMatExpressionPreview MaterialExpressionTextureSample_0, compiling. 
[2018.10.15-08.07.01:548][929]LogMaterial: Display: Missing cached shader map for material FMatExpressionPreview MaterialExpressionTextureSample_1, compiling. 
[2018.10.15-08.07.01:558][929]LogMaterial: Display: Missing cached shader map for material FMatExpressionPreview MaterialExpressionVectorParameter_0, compiling. 
[2018.10.15-08.07.02:246][960]LogShaderCompilers: Display: Shaders left to compile 23
[2018.10.15-08.07.02:304][963]LogShaderCompilers: Display: Shaders left to compile 22
[2018.10.15-08.07.02:322][964]LogShaderCompilers: Display: Shaders left to compile 21
[2018.10.15-08.07.02:338][965]LogShaderCompilers: Display: Shaders left to compile 20
[2018.10.15-08.07.02:552][977]LogShaderCompilers: Display: Shaders left to compile 19
[2018.10.15-08.07.02:569][978]LogShaderCompilers: Display: Shaders left to compile 18
[2018.10.15-08.07.02:615][981]LogShaderCompilers: Display: Shaders left to compile 17
[2018.10.15-08.07.02:630][982]LogShaderCompilers: Display: Shaders left to compile 16
[2018.10.15-08.07.02:780][991]LogShaderCompilers: Display: Shaders left to compile 15
[2018.10.15-08.07.02:970][  0]LogShaderCompilers: Display: Shaders left to compile 14
[2018.10.15-08.07.03:148][ 10]LogShaderCompilers: Display: Shaders left to compile 13
[2018.10.15-08.07.03:204][ 13]LogShaderCompilers: Display: Shaders left to compile 12
[2018.10.15-08.07.03:346][ 20]LogShaderCompilers: Display: Shaders left to compile 11
[2018.10.15-08.07.03:494][ 27]LogShaderCompilers: Display: Shaders left to compile 10
[2018.10.15-08.07.03:567][ 30]LogShaderCompilers: Display: Shaders left to compile 9
[2018.10.15-08.07.03:847][ 43]LogShaderCompilers: Display: Shaders left to compile 8
[2018.10.15-08.07.03:873][ 44]LogShaderCompilers: Display: Shaders left to compile 7
[2018.10.15-08.07.04:038][ 53]LogShaderCompilers: Display: Shaders left to compile 6
[2018.10.15-08.07.04:126][ 57]LogShaderCompilers: Display: Shaders left to compile 5
[2018.10.15-08.07.04:222][ 62]LogShaderCompilers: Display: Shaders left to compile 4
[2018.10.15-08.07.04:395][ 70]LogShaderCompilers: Display: Shaders left to compile 3
[2018.10.15-08.07.04:423][ 71]MaterialEditorStats: Base pass shader: 113 instructions
[2018.10.15-08.07.04:423][ 71]MaterialEditorStats: Base pass shader with Volumetric Lightmap: 187 instructions
[2018.10.15-08.07.04:423][ 71]MaterialEditorStats: Base pass vertex shader: 36 instructions
[2018.10.15-08.07.04:423][ 71]MaterialEditorStats: Texture samplers: 5/16
[2018.10.15-08.07.04:423][ 71]MaterialEditorStats: Texture Lookups (Est.): VS(0), PS(2)
[2018.10.15-08.07.04:423][ 71]MaterialEditorStats: User interpolators: 2/4 Scalars (1/4 Vectors) (TexCoords: 2, Custom: 0)
[2018.10.15-08.07.04:460][ 73]LogShaderCompilers: Display: Shaders left to compile 2
[2018.10.15-08.07.04:501][ 75]LogShaderCompilers: Display: Shaders left to compile 1
[2018.10.15-08.07.22:850][531]LogSlate: Window 'WoodTexture004Norm_Mat' being destroyed
[2018.10.15-08.07.22:856][531]LogSlate: Window 'WoodTexture004Norm_Mat' being destroyed
[2018.10.15-08.07.24:635][703]LogAssetEditorManager: Opening Asset editor for Material /Game/WoodTexture004paint_Mat.WoodTexture004paint_Mat
[2018.10.15-08.07.24:645][703]LogMaterial: Display: Missing cached shader map for material WoodTexture004paint_Mat, compiling. 
[2018.10.15-08.07.24:752][703]LogMaterial: Display: Missing cached shader map for material WoodTexture004paint_Mat, compiling. 
[2018.10.15-08.07.24:775][703]LogMaterial: Display: Missing cached shader map for material WoodTexture004paint_Mat, compiling. 
[2018.10.15-08.07.24:801][703]LogShaderCompilers: Display: Shaders left to compile 30
[2018.10.15-08.07.24:801][703]LogShaderCompilers: Display: Shaders left to compile 29
[2018.10.15-08.07.24:801][703]LogShaderCompilers: Display: Shaders left to compile 28
[2018.10.15-08.07.24:801][703]LogShaderCompilers: Display: Shaders left to compile 27
[2018.10.15-08.07.24:827][703]LogMaterial: Display: Missing cached shader map for material FMatExpressionPreview MaterialExpressionTextureSample_1, compiling. 
[2018.10.15-08.07.24:836][703]LogMaterial: Display: Missing cached shader map for material FMatExpressionPreview MaterialExpressionTextureSample_0, compiling. 
[2018.10.15-08.07.24:844][703]LogMaterial: Display: Missing cached shader map for material FMatExpressionPreview MaterialExpressionTextureSample_2, compiling. 
[2018.10.15-08.07.25:060][707]LogShaderCompilers: Display: Shaders left to compile 32
[2018.10.15-08.07.25:287][723]LogShaderCompilers: Display: Shaders left to compile 31
[2018.10.15-08.07.25:578][738]LogShaderCompilers: Display: Shaders left to compile 30
[2018.10.15-08.07.25:578][738]LogShaderCompilers: Display: Shaders left to compile 29
[2018.10.15-08.07.25:597][739]LogShaderCompilers: Display: Shaders left to compile 28
[2018.10.15-08.07.25:613][740]LogShaderCompilers: Display: Shaders left to compile 27
[2018.10.15-08.07.25:815][751]LogShaderCompilers: Display: Shaders left to compile 26
[2018.10.15-08.07.25:833][752]LogShaderCompilers: Display: Shaders left to compile 25
[2018.10.15-08.07.25:850][753]LogShaderCompilers: Display: Shaders left to compile 24
[2018.10.15-08.07.26:211][770]LogShaderCompilers: Display: Shaders left to compile 23
[2018.10.15-08.07.26:211][770]LogShaderCompilers: Display: Shaders left to compile 22
[2018.10.15-08.07.26:442][784]LogShaderCompilers: Display: Shaders left to compile 21
[2018.10.15-08.07.26:442][784]LogShaderCompilers: Display: Shaders left to compile 20
[2018.10.15-08.07.26:563][792]LogShaderCompilers: Display: Shaders left to compile 19
[2018.10.15-08.07.26:753][803]LogShaderCompilers: Display: Shaders left to compile 18
[2018.10.15-08.07.26:930][812]LogShaderCompilers: Display: Shaders left to compile 17
[2018.10.15-08.07.26:990][815]LogShaderCompilers: Display: Shaders left to compile 16
[2018.10.15-08.07.27:033][817]LogShaderCompilers: Display: Shaders left to compile 15
[2018.10.15-08.07.27:333][831]LogShaderCompilers: Display: Shaders left to compile 14
[2018.10.15-08.07.27:334][831]LogShaderCompilers: Display: Shaders left to compile 13
[2018.10.15-08.07.27:602][844]LogShaderCompilers: Display: Shaders left to compile 12
[2018.10.15-08.07.27:655][846]LogShaderCompilers: Display: Shaders left to compile 11
[2018.10.15-08.07.27:698][848]LogShaderCompilers: Display: Shaders left to compile 10
[2018.10.15-08.07.27:934][861]LogShaderCompilers: Display: Shaders left to compile 9
[2018.10.15-08.07.28:061][868]LogShaderCompilers: Display: Shaders left to compile 8
[2018.10.15-08.07.28:218][876]LogShaderCompilers: Display: Shaders left to compile 7
[2018.10.15-08.07.28:324][881]LogShaderCompilers: Display: Shaders left to compile 6
[2018.10.15-08.07.28:468][888]LogShaderCompilers: Display: Shaders left to compile 5
[2018.10.15-08.07.28:560][893]LogShaderCompilers: Display: Shaders left to compile 4
[2018.10.15-08.07.28:629][896]LogShaderCompilers: Display: Shaders left to compile 3
[2018.10.15-08.07.28:631][896]MaterialEditorStats: Base pass shader: 116 instructions
[2018.10.15-08.07.28:631][896]MaterialEditorStats: Base pass shader with Surface Lightmap: 133 instructions
[2018.10.15-08.07.28:631][896]MaterialEditorStats: Base pass shader with Volumetric Lightmap: 190 instructions
[2018.10.15-08.07.28:631][896]MaterialEditorStats: Base pass vertex shader: 36 instructions
[2018.10.15-08.07.28:631][896]MaterialEditorStats: Texture samplers: 6/16
[2018.10.15-08.07.28:631][896]MaterialEditorStats: Texture Lookups (Est.): VS(0), PS(3)
[2018.10.15-08.07.28:631][896]MaterialEditorStats: User interpolators: 2/4 Scalars (1/4 Vectors) (TexCoords: 2, Custom: 0)
[2018.10.15-08.07.28:758][903]LogShaderCompilers: Display: Shaders left to compile 2
[2018.10.15-08.07.28:782][904]LogShaderCompilers: Display: Shaders left to compile 1
[2018.10.15-08.07.44:437][461]LogSlate: FSceneViewport::OnFocusLost() reason 0
